#
# There is insufficient memory for the Java Runtime Environment to continue.
# Native memory allocation (malloc) failed to allocate 1738256 bytes for Chunk::new
# Possible reasons:
#   The system is out of physical RAM or swap space
#   The process is running with CompressedOops enabled, and the Java Heap may be blocking the growth of the native heap
# Possible solutions:
#   Reduce memory load on the system
#   Increase physical memory or swap space
#   Check if swap backing store is full
#   Decrease Java heap size (-Xmx/-Xms)
#   Decrease number of Java threads
#   Decrease Java thread stack sizes (-Xss)
#   Set larger code cache with -XX:ReservedCodeCacheSize=
#   JVM is running with Unscaled Compressed Oops mode in which the Java heap is
#     placed in the first 4GB address space. The Java Heap base address is the
#     maximum limit for the native heap growth. Please use -XX:HeapBaseMinAddress
#     to set the Java Heap base and to place the Java Heap above 4GB virtual address.
# This output file may be truncated or incomplete.
#
#  Out of Memory Error (allocation.cpp:389), pid=5336, tid=0x00000000000036e8
#
# JRE version: OpenJDK Runtime Environment (8.0_242-b01) (build 1.8.0_242-release-1644-b01)
# Java VM: OpenJDK 64-Bit Server VM (25.242-b01 mixed mode windows-amd64 compressed oops)
# Failed to write core dump. Minidumps are not enabled by default on client versions of Windows
#

---------------  T H R E A D  ---------------

Current thread (0x00000000179dd000):  JavaThread "C2 CompilerThread1" daemon [_thread_in_native, id=14056, stack(0x0000000019140000,0x0000000019240000)]

Stack: [0x0000000019140000,0x0000000019240000]
[error occurred during error reporting (printing stack bounds), id 0xc0000005]

Native frames: (J=compiled Java code, j=interpreted, Vv=VM code, C=native code)


Current CompileTask:
C2:   7383 3750       4       java.net.URLClassLoader$1::run (5 bytes)


---------------  P R O C E S S  ---------------

Java Threads: ( => current thread )
  0x000000001b4c3000 JavaThread "Cache worker for Build Output Cleanup Cache (E:\AndroidStudioProjects\DesignAndroidApplication\.gradle\buildOutputCleanup)" [_thread_blocked, id=2900, stack(0x0000000028670000,0x0000000028770000)]
  0x000000001b4c1800 JavaThread "jar transforms Thread 92" [_thread_blocked, id=2500, stack(0x0000000028370000,0x0000000028470000)]
  0x000000001b4c0800 JavaThread "jar transforms Thread 91" [_thread_blocked, id=12272, stack(0x0000000028270000,0x0000000028370000)]
  0x000000001b4bb800 JavaThread "jar transforms Thread 90" [_thread_blocked, id=1508, stack(0x0000000028170000,0x0000000028270000)]
  0x000000001b4c0000 JavaThread "jar transforms Thread 89" [_thread_blocked, id=5060, stack(0x0000000028070000,0x0000000028170000)]
  0x000000001b4bf000 JavaThread "jar transforms Thread 88" [_thread_blocked, id=14156, stack(0x0000000027f70000,0x0000000028070000)]
  0x000000001b4b7800 JavaThread "jar transforms Thread 87" [_thread_blocked, id=12840, stack(0x0000000027e70000,0x0000000027f70000)]
  0x000000001b4b9000 JavaThread "jar transforms Thread 86" [_thread_blocked, id=7688, stack(0x0000000027d70000,0x0000000027e70000)]
  0x000000001b4ba000 JavaThread "jar transforms Thread 85" [_thread_blocked, id=14184, stack(0x0000000027c70000,0x0000000027d70000)]
  0x000000001b4b8800 JavaThread "jar transforms Thread 84" [_thread_blocked, id=10092, stack(0x0000000027b70000,0x0000000027c70000)]
  0x000000001b4be800 JavaThread "jar transforms Thread 83" [_thread_blocked, id=4380, stack(0x0000000027a70000,0x0000000027b70000)]
  0x000000001b4bd800 JavaThread "jar transforms Thread 82" [_thread_blocked, id=9104, stack(0x0000000027970000,0x0000000027a70000)]
  0x000000001b4b7000 JavaThread "jar transforms Thread 81" [_thread_blocked, id=5596, stack(0x0000000027870000,0x0000000027970000)]
  0x000000001b4bd000 JavaThread "jar transforms Thread 80" [_thread_blocked, id=14288, stack(0x0000000027770000,0x0000000027870000)]
  0x000000001b4ba800 JavaThread "jar transforms Thread 79" [_thread_blocked, id=2512, stack(0x0000000027670000,0x0000000027770000)]
  0x000000001af1c800 JavaThread "jar transforms Thread 78" [_thread_blocked, id=6556, stack(0x0000000027570000,0x0000000027670000)]
  0x000000001af1c000 JavaThread "jar transforms Thread 77" [_thread_blocked, id=4864, stack(0x0000000027470000,0x0000000027570000)]
  0x000000001af1b000 JavaThread "jar transforms Thread 76" [_thread_blocked, id=11884, stack(0x0000000027370000,0x0000000027470000)]
  0x000000001af1a800 JavaThread "jar transforms Thread 75" [_thread_blocked, id=5756, stack(0x0000000027270000,0x0000000027370000)]
  0x000000001af18000 JavaThread "jar transforms Thread 74" [_thread_blocked, id=3032, stack(0x0000000027170000,0x0000000027270000)]
  0x000000001af19800 JavaThread "jar transforms Thread 73" [_thread_blocked, id=14104, stack(0x0000000027070000,0x0000000027170000)]
  0x000000001af1d800 JavaThread "jar transforms Thread 72" [_thread_blocked, id=7252, stack(0x0000000026f70000,0x0000000027070000)]
  0x000000001af19000 JavaThread "jar transforms Thread 71" [_thread_blocked, id=5404, stack(0x0000000026e70000,0x0000000026f70000)]
  0x000000001af10800 JavaThread "jar transforms Thread 70" [_thread_blocked, id=6476, stack(0x0000000026d70000,0x0000000026e70000)]
  0x000000001af17800 JavaThread "jar transforms Thread 69" [_thread_blocked, id=2088, stack(0x0000000026c70000,0x0000000026d70000)]
  0x000000001af16800 JavaThread "jar transforms Thread 68" [_thread_blocked, id=4728, stack(0x0000000026b70000,0x0000000026c70000)]
  0x000000001af10000 JavaThread "jar transforms Thread 67" [_thread_blocked, id=8832, stack(0x0000000026a70000,0x0000000026b70000)]
  0x000000001af16000 JavaThread "jar transforms Thread 66" [_thread_blocked, id=3068, stack(0x0000000026970000,0x0000000026a70000)]
  0x000000001af0e800 JavaThread "jar transforms Thread 65" [_thread_blocked, id=11684, stack(0x0000000026870000,0x0000000026970000)]
  0x000000001af0f000 JavaThread "jar transforms Thread 64" [_thread_blocked, id=12148, stack(0x0000000026770000,0x0000000026870000)]
  0x000000001af12000 JavaThread "jar transforms Thread 63" [_thread_blocked, id=13828, stack(0x0000000026670000,0x0000000026770000)]
  0x000000001af15000 JavaThread "jar transforms Thread 62" [_thread_blocked, id=11348, stack(0x0000000026570000,0x0000000026670000)]
  0x000000001af13800 JavaThread "jar transforms Thread 61" [_thread_blocked, id=10992, stack(0x0000000026470000,0x0000000026570000)]
  0x000000001af13000 JavaThread "jar transforms Thread 60" [_thread_blocked, id=12456, stack(0x0000000026370000,0x0000000026470000)]
  0x000000001af14800 JavaThread "jar transforms Thread 59" [_thread_blocked, id=10612, stack(0x0000000026270000,0x0000000026370000)]
  0x000000001af11800 JavaThread "jar transforms Thread 58" [_thread_blocked, id=6836, stack(0x0000000026170000,0x0000000026270000)]
  0x000000001bd5b000 JavaThread "jar transforms Thread 57" [_thread_blocked, id=12604, stack(0x0000000026070000,0x0000000026170000)]
  0x000000001bd5a000 JavaThread "jar transforms Thread 56" [_thread_blocked, id=3700, stack(0x0000000025f70000,0x0000000026070000)]
  0x000000001bd59800 JavaThread "jar transforms Thread 55" [_thread_blocked, id=10564, stack(0x0000000025e70000,0x0000000025f70000)]
  0x000000001bd60800 JavaThread "jar transforms Thread 54" [_thread_blocked, id=120, stack(0x0000000025d70000,0x0000000025e70000)]
  0x000000001bd5d800 JavaThread "jar transforms Thread 53" [_thread_blocked, id=13684, stack(0x0000000025c70000,0x0000000025d70000)]
  0x000000001bd5c800 JavaThread "jar transforms Thread 52" [_thread_blocked, id=1080, stack(0x0000000025b70000,0x0000000025c70000)]
  0x000000001bd58800 JavaThread "jar transforms Thread 51" [_thread_blocked, id=11716, stack(0x0000000025a70000,0x0000000025b70000)]
  0x000000001bd5e000 JavaThread "jar transforms Thread 50" [_thread_blocked, id=8068, stack(0x0000000025970000,0x0000000025a70000)]
  0x000000001bd5f800 JavaThread "jar transforms Thread 49" [_thread_blocked, id=6532, stack(0x0000000025870000,0x0000000025970000)]
  0x000000001bd5f000 JavaThread "jar transforms Thread 48" [_thread_blocked, id=1440, stack(0x0000000025770000,0x0000000025870000)]
  0x000000001bd5c000 JavaThread "jar transforms Thread 47" [_thread_blocked, id=3668, stack(0x0000000025670000,0x0000000025770000)]
  0x000000001bd51000 JavaThread "jar transforms Thread 46" [_thread_blocked, id=9964, stack(0x0000000025570000,0x0000000025670000)]
  0x000000001bd58000 JavaThread "jar transforms Thread 45" [_thread_blocked, id=13336, stack(0x0000000025470000,0x0000000025570000)]
  0x000000001bd57000 JavaThread "jar transforms Thread 44" [_thread_blocked, id=4508, stack(0x0000000025370000,0x0000000025470000)]
  0x000000001bd56800 JavaThread "jar transforms Thread 43" [_thread_blocked, id=12740, stack(0x0000000025270000,0x0000000025370000)]
  0x000000001bd55800 JavaThread "jar transforms Thread 42" [_thread_blocked, id=6656, stack(0x0000000025170000,0x0000000025270000)]
  0x000000001bd54000 JavaThread "jar transforms Thread 41" [_thread_blocked, id=404, stack(0x0000000025070000,0x0000000025170000)]
  0x000000001bd53800 JavaThread "jar transforms Thread 40" [_thread_blocked, id=3440, stack(0x0000000024f70000,0x0000000025070000)]
  0x000000001bd52800 JavaThread "jar transforms Thread 39" [_thread_blocked, id=4224, stack(0x0000000024e70000,0x0000000024f70000)]
  0x000000001bd52000 JavaThread "jar transforms Thread 38" [_thread_blocked, id=2556, stack(0x0000000024d70000,0x0000000024e70000)]
  0x000000001bd55000 JavaThread "jar transforms Thread 37" [_thread_blocked, id=6924, stack(0x0000000024c70000,0x0000000024d70000)]
  0x000000001b8e4800 JavaThread "jar transforms Thread 36" [_thread_blocked, id=11896, stack(0x0000000024b70000,0x0000000024c70000)]
  0x000000001b8e3000 JavaThread "jar transforms Thread 35" [_thread_blocked, id=9812, stack(0x0000000024a70000,0x0000000024b70000)]
  0x000000001b8e1800 JavaThread "jar transforms Thread 34" [_thread_blocked, id=12596, stack(0x0000000024970000,0x0000000024a70000)]
  0x000000001b8e2000 JavaThread "jar transforms Thread 33" [_thread_blocked, id=8536, stack(0x0000000024870000,0x0000000024970000)]
  0x000000001b8e0800 JavaThread "jar transforms Thread 32" [_thread_blocked, id=11452, stack(0x0000000024770000,0x0000000024870000)]
  0x000000001b8df000 JavaThread "jar transforms Thread 31" [_thread_blocked, id=11876, stack(0x0000000024670000,0x0000000024770000)]
  0x000000001b8e3800 JavaThread "jar transforms Thread 30" [_thread_blocked, id=6504, stack(0x0000000024570000,0x0000000024670000)]
  0x000000001b8e0000 JavaThread "jar transforms Thread 29" [_thread_blocked, id=11304, stack(0x0000000024470000,0x0000000024570000)]
  0x000000001b8e5000 JavaThread "jar transforms Thread 28" [_thread_blocked, id=3004, stack(0x0000000024370000,0x0000000024470000)]
  0x000000001b8da000 JavaThread "jar transforms Thread 27" [_thread_blocked, id=8424, stack(0x0000000024270000,0x0000000024370000)]
  0x000000001b8d9000 JavaThread "jar transforms Thread 26" [_thread_blocked, id=11836, stack(0x0000000024170000,0x0000000024270000)]
  0x000000001b8de800 JavaThread "jar transforms Thread 25" [_thread_blocked, id=14112, stack(0x0000000024070000,0x0000000024170000)]
  0x000000001b8d7000 JavaThread "jar transforms Thread 24" [_thread_blocked, id=11360, stack(0x0000000023f70000,0x0000000024070000)]
  0x000000001b8dd800 JavaThread "jar transforms Thread 23" [_thread_blocked, id=12388, stack(0x0000000023e70000,0x0000000023f70000)]
  0x000000001b8d8800 JavaThread "jar transforms Thread 22" [_thread_blocked, id=8336, stack(0x0000000023d70000,0x0000000023e70000)]
  0x000000001b8dd000 JavaThread "jar transforms Thread 21" [_thread_blocked, id=12380, stack(0x0000000023c70000,0x0000000023d70000)]
  0x000000001b8dc000 JavaThread "jar transforms Thread 20" [_thread_blocked, id=10508, stack(0x0000000023b70000,0x0000000023c70000)]
  0x000000001b8d6000 JavaThread "jar transforms Thread 19" [_thread_blocked, id=5960, stack(0x0000000023a70000,0x0000000023b70000)]
  0x000000001b8db800 JavaThread "jar transforms Thread 18" [_thread_blocked, id=10692, stack(0x0000000023970000,0x0000000023a70000)]
  0x000000001b8d7800 JavaThread "jar transforms Thread 17" [_thread_blocked, id=8780, stack(0x0000000023870000,0x0000000023970000)]
  0x000000001b8da800 JavaThread "jar transforms Thread 16" [_thread_blocked, id=10200, stack(0x0000000023770000,0x0000000023870000)]
  0x000000001e3d5800 JavaThread "jar transforms Thread 15" [_thread_blocked, id=1916, stack(0x0000000023670000,0x0000000023770000)]
  0x000000001e3d5000 JavaThread "jar transforms Thread 14" [_thread_blocked, id=6064, stack(0x0000000023570000,0x0000000023670000)]
  0x000000001e3d4000 JavaThread "jar transforms Thread 13" [_thread_blocked, id=9344, stack(0x0000000023470000,0x0000000023570000)]
  0x000000001e3d3800 JavaThread "jar transforms Thread 12" [_thread_blocked, id=8940, stack(0x0000000023370000,0x0000000023470000)]
  0x000000001e3cc000 JavaThread "jar transforms Thread 11" [_thread_blocked, id=9064, stack(0x0000000023270000,0x0000000023370000)]
  0x000000001e3d2800 JavaThread "jar transforms Thread 10" [_thread_blocked, id=12712, stack(0x0000000023070000,0x0000000023170000)]
  0x000000001e3d2000 JavaThread "jar transforms Thread 9" [_thread_blocked, id=13476, stack(0x0000000022f70000,0x0000000023070000)]
  0x000000001e3d1000 JavaThread "jar transforms Thread 8" [_thread_blocked, id=8356, stack(0x0000000022e70000,0x0000000022f70000)]
  0x000000001e3cf000 JavaThread "jar transforms Thread 7" [_thread_blocked, id=11312, stack(0x0000000022d70000,0x0000000022e70000)]
  0x000000001e3ce000 JavaThread "jar transforms Thread 6" [_thread_blocked, id=408, stack(0x0000000022c70000,0x0000000022d70000)]
  0x000000001e3ca800 JavaThread "jar transforms Thread 5" [_thread_blocked, id=12772, stack(0x0000000022b70000,0x0000000022c70000)]
  0x000000001e3d0800 JavaThread "jar transforms Thread 4" [_thread_blocked, id=9384, stack(0x0000000022630000,0x0000000022730000)]
  0x000000001e3c9800 JavaThread "jar transforms Thread 3" [_thread_blocked, id=9108, stack(0x0000000022530000,0x0000000022630000)]
  0x000000001e3cd800 JavaThread "jar transforms Thread 2" [_thread_blocked, id=13496, stack(0x0000000022430000,0x0000000022530000)]
  0x000000001e3c9000 JavaThread "Build operations Thread 4" [_thread_blocked, id=11032, stack(0x0000000022a70000,0x0000000022b70000)]
  0x000000001e3cb000 JavaThread "Build operations Thread 3" [_thread_blocked, id=4904, stack(0x0000000022970000,0x0000000022a70000)]
  0x000000001e3cf800 JavaThread "Build operations Thread 2" [_thread_blocked, id=13856, stack(0x0000000022870000,0x0000000022970000)]
  0x000000001e3c6800 JavaThread "Build operations" [_thread_blocked, id=5864, stack(0x0000000022770000,0x0000000022870000)]
  0x000000001b33c800 JavaThread "Cache worker for file content cache (C:\Users\ASL-010\.gradle\caches\6.5\fileContent)" [_thread_blocked, id=4480, stack(0x0000000021d30000,0x0000000021e30000)]
  0x000000001b341800 JavaThread "jar transforms" [_thread_blocked, id=12516, stack(0x0000000021c30000,0x0000000021d30000)]
  0x000000001b342800 JavaThread "Cache worker for execution history cache (C:\Users\ASL-010\.gradle\caches\6.5\executionHistory)" [_thread_blocked, id=1748, stack(0x0000000021530000,0x0000000021630000)]
  0x000000001b33b800 JavaThread "Cache worker for cache directory md-rule (C:\Users\ASL-010\.gradle\caches\6.5\md-rule)" [_thread_blocked, id=12128, stack(0x0000000021430000,0x0000000021530000)]
  0x000000001b341000 JavaThread "Cache worker for cache directory md-supplier (C:\Users\ASL-010\.gradle\caches\6.5\md-supplier)" [_thread_blocked, id=2164, stack(0x000000001ff00000,0x0000000020000000)]
  0x000000001b340000 JavaThread "Cache worker for checksums cache (E:\AndroidStudioProjects\DesignAndroidApplication\.gradle\checksums)" [_thread_blocked, id=13644, stack(0x000000001fe00000,0x000000001ff00000)]
  0x000000001b33f800 JavaThread "Cache worker for file hash cache (E:\AndroidStudioProjects\DesignAndroidApplication\.gradle\6.5\fileHashes)" [_thread_blocked, id=5688, stack(0x0000000020270000,0x0000000020370000)]
  0x000000001b33e800 JavaThread "Cache worker for file hash cache (C:\Users\ASL-010\.gradle\caches\6.5\fileHashes)" [_thread_blocked, id=1020, stack(0x000000001d960000,0x000000001da60000)]
  0x000000001b33e000 JavaThread "File lock request listener" [_thread_in_native, id=2132, stack(0x000000001d860000,0x000000001d960000)]
  0x000000001b351800 JavaThread "Cache worker for journal cache (C:\Users\ASL-010\.gradle\caches\journal-1)" [_thread_blocked, id=7548, stack(0x000000001d760000,0x000000001d860000)]
  0x0000000019bcf000 JavaThread "Thread-9" [_thread_blocked, id=7160, stack(0x000000001d460000,0x000000001d560000)]
  0x000000001b2cf800 JavaThread "Stdin handler" [_thread_blocked, id=14128, stack(0x000000001d360000,0x000000001d460000)]
  0x0000000019ba5800 JavaThread "Asynchronous log dispatcher for DefaultDaemonConnection: socket connection from /127.0.0.1:57068 to /127.0.0.1:57069" [_thread_blocked, id=7892, stack(0x000000001d260000,0x000000001d360000)]
  0x0000000019bd0000 JavaThread "Daemon worker" [_thread_in_native, id=1680, stack(0x000000001d160000,0x000000001d260000)]
  0x0000000019ad7800 JavaThread "Cancel handler" [_thread_blocked, id=6636, stack(0x000000001d060000,0x000000001d160000)]
  0x000000001b2ad800 JavaThread "Handler for socket connection from /127.0.0.1:57068 to /127.0.0.1:57069" [_thread_in_native, id=4472, stack(0x000000001cf60000,0x000000001d060000)]
  0x000000001b2aa000 JavaThread "Daemon" [_thread_blocked, id=3704, stack(0x000000001cc60000,0x000000001cd60000)]
  0x000000001b285800 JavaThread "Daemon periodic checks" [_thread_blocked, id=4492, stack(0x000000001cb60000,0x000000001cc60000)]
  0x000000001b22c000 JavaThread "Incoming local TCP Connector on port 57068" [_thread_in_native, id=14248, stack(0x000000001c920000,0x000000001ca20000)]
  0x000000001b1a1000 JavaThread "Daemon health stats" [_thread_blocked, id=10404, stack(0x000000001c2e0000,0x000000001c3e0000)]
  0x0000000019378800 JavaThread "Service Thread" daemon [_thread_blocked, id=6040, stack(0x0000000019740000,0x0000000019840000)]
  0x00000000179eb000 JavaThread "C1 CompilerThread2" daemon [_thread_blocked, id=5952, stack(0x0000000019240000,0x0000000019340000)]
=>0x00000000179dd000 JavaThread "C2 CompilerThread1" daemon [_thread_in_native, id=14056, stack(0x0000000019140000,0x0000000019240000)]
  0x00000000179d3000 JavaThread "C2 CompilerThread0" daemon [_thread_in_native, id=11668, stack(0x0000000019040000,0x0000000019140000)]
  0x00000000179d1000 JavaThread "Attach Listener" daemon [_thread_blocked, id=12564, stack(0x0000000018f40000,0x0000000019040000)]
  0x00000000179d5800 JavaThread "Signal Dispatcher" daemon [_thread_blocked, id=5616, stack(0x0000000018e40000,0x0000000018f40000)]
  0x0000000002dac000 JavaThread "Finalizer" daemon [_thread_blocked, id=13300, stack(0x0000000018c40000,0x0000000018d40000)]
  0x00000000179b9000 JavaThread "Reference Handler" daemon [_thread_blocked, id=7888, stack(0x0000000018b40000,0x0000000018c40000)]
  0x0000000002c8e000 JavaThread "main" [_thread_blocked, id=10348, stack(0x0000000002ac0000,0x0000000002bc0000)]

Other Threads:
  0x0000000017996000 VMThread [stack: 0x0000000018a40000,0x0000000018b40000] [id=9480]
  0x0000000017a2d000 WatcherThread [stack: 0x0000000019840000,0x0000000019940000] [id=8668]

VM state:not at safepoint (normal execution)

VM Mutex/Monitor currently owned by a thread: None

heap address: 0x0000000080000000, size: 2048 MB, Compressed Oops mode: 32-bit
Narrow klass base: 0x0000000000000000, Narrow klass shift: 3
Compressed class space size: 1073741824 Address: 0x0000000100000000

Heap:
 PSYoungGen      total 177152K, used 12703K [0x00000000d5580000, 0x00000000e1100000, 0x0000000100000000)
  eden space 165376K, 1% used [0x00000000d5580000,0x00000000d585a470,0x00000000df700000)
  from space 11776K, 83% used [0x00000000e0580000,0x00000000e0f0d9c0,0x00000000e1100000)
  to   space 13312K, 0% used [0x00000000df700000,0x00000000df700000,0x00000000e0400000)
 ParOldGen       total 77312K, used 17232K [0x0000000080000000, 0x0000000084b80000, 0x00000000d5580000)
  object space 77312K, 22% used [0x0000000080000000,0x00000000810d4060,0x0000000084b80000)
 Metaspace       used 39217K, capacity 40852K, committed 41128K, reserved 1085440K
  class space    used 5410K, capacity 5770K, committed 5808K, reserved 1048576K

Card table byte_map: [0x0000000012170000,0x0000000012580000] byte_map_base: 0x0000000011d70000

Marking Bits: (ParMarkBitMap*) 0x0000000071daf030
 Begin Bits: [0x0000000012c30000, 0x0000000014c30000)
 End Bits:   [0x0000000014c30000, 0x0000000016c30000)

Polling page: 0x0000000000df0000

CodeCache: size=245760Kb used=12385Kb max_used=12721Kb free=233374Kb
 bounds [0x0000000002db0000, 0x0000000003a30000, 0x0000000011db0000]
 total_blobs=4336 nmethods=3627 adapters=619
 compilation: enabled

Compilation events (10 events):
Event: 7.311 Thread 0x00000000179eb000 3839       3       com.google.common.collect.AbstractMapBasedMultimap$WrappedCollection$WrappedIterator::<init> (32 bytes)
Event: 7.311 Thread 0x00000000179eb000 nmethod 3839 0x00000000030fd8d0 code [0x00000000030fda80, 0x00000000030fe118]
Event: 7.313 Thread 0x00000000179eb000 3840       3       java.util.HashMap::remove (26 bytes)
Event: 7.314 Thread 0x00000000179eb000 nmethod 3840 0x0000000002f4a550 code [0x0000000002f4a6e0, 0x0000000002f4aaf8]
Event: 7.319 Thread 0x00000000179eb000 3841       1       org.gradle.api.internal.collections.AbstractIterationOrderRetainingElementSource$Element::isRealized (5 bytes)
Event: 7.319 Thread 0x00000000179eb000 nmethod 3841 0x0000000002f68d90 code [0x0000000002f68ee0, 0x0000000002f68ff0]
Event: 7.336 Thread 0x00000000179eb000 3842       3       java.util.AbstractMap$SimpleImmutableEntry::<init> (15 bytes)
Event: 7.336 Thread 0x00000000179eb000 nmethod 3842 0x0000000002fb3350 code [0x0000000002fb34a0, 0x0000000002fb3670]
Event: 7.337 Thread 0x00000000179eb000 3843       1       java.lang.invoke.MethodHandleImpl$IntrinsicMethodHandle::getTarget (5 bytes)
Event: 7.337 Thread 0x00000000179eb000 nmethod 3843 0x0000000002fcea90 code [0x0000000002fcebe0, 0x0000000002fcecf0]

GC Heap History (10 events):
Event: 3.668 GC heap before
{Heap before GC invocations=8 (full 1):
 PSYoungGen      total 75264K, used 3920K [0x00000000d5580000, 0x00000000de880000, 0x0000000100000000)
  eden space 64512K, 0% used [0x00000000d5580000,0x00000000d5580000,0x00000000d9480000)
  from space 10752K, 36% used [0x00000000d9480000,0x00000000d9854040,0x00000000d9f00000)
  to   space 10752K, 0% used [0x00000000dde00000,0x00000000dde00000,0x00000000de880000)
 ParOldGen       total 86016K, used 8338K [0x0000000080000000, 0x0000000085400000, 0x00000000d5580000)
  object space 86016K, 9% used [0x0000000080000000,0x0000000080824bf0,0x0000000085400000)
 Metaspace       used 20567K, capacity 21216K, committed 21296K, reserved 1067008K
  class space    used 2873K, capacity 3076K, committed 3120K, reserved 1048576K
Event: 3.709 GC heap after
Heap after GC invocations=8 (full 1):
 PSYoungGen      total 75264K, used 0K [0x00000000d5580000, 0x00000000de880000, 0x0000000100000000)
  eden space 64512K, 0% used [0x00000000d5580000,0x00000000d5580000,0x00000000d9480000)
  from space 10752K, 0% used [0x00000000d9480000,0x00000000d9480000,0x00000000d9f00000)
  to   space 10752K, 0% used [0x00000000dde00000,0x00000000dde00000,0x00000000de880000)
 ParOldGen       total 49664K, used 6766K [0x0000000080000000, 0x0000000083080000, 0x00000000d5580000)
  object space 49664K, 13% used [0x0000000080000000,0x000000008069baf0,0x0000000083080000)
 Metaspace       used 20567K, capacity 21216K, committed 21296K, reserved 1067008K
  class space    used 2873K, capacity 3076K, committed 3120K, reserved 1048576K
}
Event: 4.583 GC heap before
{Heap before GC invocations=9 (full 1):
 PSYoungGen      total 75264K, used 64512K [0x00000000d5580000, 0x00000000de880000, 0x0000000100000000)
  eden space 64512K, 100% used [0x00000000d5580000,0x00000000d9480000,0x00000000d9480000)
  from space 10752K, 0% used [0x00000000d9480000,0x00000000d9480000,0x00000000d9f00000)
  to   space 10752K, 0% used [0x00000000dde00000,0x00000000dde00000,0x00000000de880000)
 ParOldGen       total 49664K, used 6766K [0x0000000080000000, 0x0000000083080000, 0x00000000d5580000)
  object space 49664K, 13% used [0x0000000080000000,0x000000008069baf0,0x0000000083080000)
 Metaspace       used 28753K, capacity 29598K, committed 29872K, reserved 1075200K
  class space    used 3982K, capacity 4221K, committed 4272K, reserved 1048576K
Event: 4.593 GC heap after
Heap after GC invocations=9 (full 1):
 PSYoungGen      total 123904K, used 8511K [0x00000000d5580000, 0x00000000de680000, 0x0000000100000000)
  eden space 115200K, 0% used [0x00000000d5580000,0x00000000d5580000,0x00000000dc600000)
  from space 8704K, 97% used [0x00000000dde00000,0x00000000de64fcf0,0x00000000de680000)
  to   space 11264K, 0% used [0x00000000dd080000,0x00000000dd080000,0x00000000ddb80000)
 ParOldGen       total 49664K, used 6774K [0x0000000080000000, 0x0000000083080000, 0x00000000d5580000)
  object space 49664K, 13% used [0x0000000080000000,0x000000008069daf0,0x0000000083080000)
 Metaspace       used 28753K, capacity 29598K, committed 29872K, reserved 1075200K
  class space    used 3982K, capacity 4221K, committed 4272K, reserved 1048576K
}
Event: 5.762 GC heap before
{Heap before GC invocations=10 (full 1):
 PSYoungGen      total 123904K, used 102304K [0x00000000d5580000, 0x00000000de680000, 0x0000000100000000)
  eden space 115200K, 81% used [0x00000000d5580000,0x00000000db1183c0,0x00000000dc600000)
  from space 8704K, 97% used [0x00000000dde00000,0x00000000de64fcf0,0x00000000de680000)
  to   space 11264K, 0% used [0x00000000dd080000,0x00000000dd080000,0x00000000ddb80000)
 ParOldGen       total 49664K, used 6774K [0x0000000080000000, 0x0000000083080000, 0x00000000d5580000)
  object space 49664K, 13% used [0x0000000080000000,0x000000008069daf0,0x0000000083080000)
 Metaspace       used 34305K, capacity 35406K, committed 35496K, reserved 1079296K
  class space    used 4720K, capacity 5002K, committed 5040K, reserved 1048576K
Event: 5.778 GC heap after
Heap after GC invocations=10 (full 1):
 PSYoungGen      total 137216K, used 11042K [0x00000000d5580000, 0x00000000e1200000, 0x0000000100000000)
  eden space 125952K, 0% used [0x00000000d5580000,0x00000000d5580000,0x00000000dd080000)
  from space 11264K, 98% used [0x00000000dd080000,0x00000000ddb489f8,0x00000000ddb80000)
  to   space 12800K, 0% used [0x00000000e0580000,0x00000000e0580000,0x00000000e1200000)
 ParOldGen       total 49664K, used 6782K [0x0000000080000000, 0x0000000083080000, 0x00000000d5580000)
  object space 49664K, 13% used [0x0000000080000000,0x000000008069faf0,0x0000000083080000)
 Metaspace       used 34305K, capacity 35406K, committed 35496K, reserved 1079296K
  class space    used 4720K, capacity 5002K, committed 5040K, reserved 1048576K
}
Event: 5.778 GC heap before
{Heap before GC invocations=11 (full 2):
 PSYoungGen      total 137216K, used 11042K [0x00000000d5580000, 0x00000000e1200000, 0x0000000100000000)
  eden space 125952K, 0% used [0x00000000d5580000,0x00000000d5580000,0x00000000dd080000)
  from space 11264K, 98% used [0x00000000dd080000,0x00000000ddb489f8,0x00000000ddb80000)
  to   space 12800K, 0% used [0x00000000e0580000,0x00000000e0580000,0x00000000e1200000)
 ParOldGen       total 49664K, used 6782K [0x0000000080000000, 0x0000000083080000, 0x00000000d5580000)
  object space 49664K, 13% used [0x0000000080000000,0x000000008069faf0,0x0000000083080000)
 Metaspace       used 34305K, capacity 35406K, committed 35496K, reserved 1079296K
  class space    used 4720K, capacity 5002K, committed 5040K, reserved 1048576K
Event: 5.869 GC heap after
Heap after GC invocations=11 (full 2):
 PSYoungGen      total 137216K, used 0K [0x00000000d5580000, 0x00000000e1200000, 0x0000000100000000)
  eden space 125952K, 0% used [0x00000000d5580000,0x00000000d5580000,0x00000000dd080000)
  from space 11264K, 0% used [0x00000000dd080000,0x00000000dd080000,0x00000000ddb80000)
  to   space 12800K, 0% used [0x00000000e0580000,0x00000000e0580000,0x00000000e1200000)
 ParOldGen       total 77312K, used 17224K [0x0000000080000000, 0x0000000084b80000, 0x00000000d5580000)
  object space 77312K, 22% used [0x0000000080000000,0x00000000810d2060,0x0000000084b80000)
 Metaspace       used 34305K, capacity 35406K, committed 35496K, reserved 1079296K
  class space    used 4720K, capacity 5002K, committed 5040K, reserved 1048576K
}
Event: 7.353 GC heap before
{Heap before GC invocations=12 (full 2):
 PSYoungGen      total 137216K, used 125952K [0x00000000d5580000, 0x00000000e1200000, 0x0000000100000000)
  eden space 125952K, 100% used [0x00000000d5580000,0x00000000dd080000,0x00000000dd080000)
  from space 11264K, 0% used [0x00000000dd080000,0x00000000dd080000,0x00000000ddb80000)
  to   space 12800K, 0% used [0x00000000e0580000,0x00000000e0580000,0x00000000e1200000)
 ParOldGen       total 77312K, used 17224K [0x0000000080000000, 0x0000000084b80000, 0x00000000d5580000)
  object space 77312K, 22% used [0x0000000080000000,0x00000000810d2060,0x0000000084b80000)
 Metaspace       used 39177K, capacity 40846K, committed 41128K, reserved 1085440K
  class space    used 5403K, capacity 5769K, committed 5808K, reserved 1048576K
Event: 7.374 GC heap after
Heap after GC invocations=12 (full 2):
 PSYoungGen      total 177152K, used 9782K [0x00000000d5580000, 0x00000000e1100000, 0x0000000100000000)
  eden space 165376K, 0% used [0x00000000d5580000,0x00000000d5580000,0x00000000df700000)
  from space 11776K, 83% used [0x00000000e0580000,0x00000000e0f0d9c0,0x00000000e1100000)
  to   space 13312K, 0% used [0x00000000df700000,0x00000000df700000,0x00000000e0400000)
 ParOldGen       total 77312K, used 17232K [0x0000000080000000, 0x0000000084b80000, 0x00000000d5580000)
  object space 77312K, 22% used [0x0000000080000000,0x00000000810d4060,0x0000000084b80000)
 Metaspace       used 39177K, capacity 40846K, committed 41128K, reserved 1085440K
  class space    used 5403K, capacity 5769K, committed 5808K, reserved 1048576K
}

Deoptimization events (10 events):
Event: 6.512 Thread 0x000000001e3cf800 Uncommon trap: reason=unstable_if action=reinterpret pc=0x00000000032b3740 method=java.util.concurrent.ConcurrentHashMap.transfer([Ljava/util/concurrent/ConcurrentHashMap$Node;[Ljava/util/concurrent/ConcurrentHashMap$Node;)V @ 277
Event: 6.515 Thread 0x0000000019bd0000 Uncommon trap: reason=unstable_if action=reinterpret pc=0x000000000371cf3c method=java.util.concurrent.ConcurrentHashMap.get(Ljava/lang/Object;)Ljava/lang/Object; @ 86
Event: 6.813 Thread 0x0000000019bd0000 Uncommon trap: reason=unstable_if action=reinterpret pc=0x000000000314dec4 method=java.util.jar.JarFile.match([C[B[I[I)Z @ 29
Event: 6.867 Thread 0x0000000019bd0000 Uncommon trap: reason=bimorphic action=maybe_recompile pc=0x00000000036a7888 method=java.util.AbstractCollection.addAll(Ljava/util/Collection;)Z @ 29
Event: 6.969 Thread 0x0000000019bd0000 Uncommon trap: reason=unstable_if action=reinterpret pc=0x00000000030dae10 method=java.util.regex.Pattern.has(I)Z @ 6
Event: 6.970 Thread 0x0000000019bd0000 Uncommon trap: reason=bimorphic action=maybe_recompile pc=0x00000000036a7888 method=java.util.AbstractCollection.addAll(Ljava/util/Collection;)Z @ 29
Event: 6.999 Thread 0x0000000019bd0000 Uncommon trap: reason=predicate action=maybe_recompile pc=0x0000000003370d88 method=com.google.common.base.CharMatcher.indexIn(Ljava/lang/CharSequence;I)I @ 22
Event: 7.216 Thread 0x0000000019bd0000 Uncommon trap: reason=unstable_if action=reinterpret pc=0x0000000003532cac method=java.io.BufferedInputStream.read([BII)I @ 56
Event: 7.294 Thread 0x0000000019bd0000 Uncommon trap: reason=bimorphic action=maybe_recompile pc=0x00000000036a7888 method=java.util.AbstractCollection.addAll(Ljava/util/Collection;)Z @ 29
Event: 7.306 Thread 0x0000000019bd0000 Uncommon trap: reason=bimorphic action=maybe_recompile pc=0x00000000036a7888 method=java.util.AbstractCollection.addAll(Ljava/util/Collection;)Z @ 29

Classes redefined (0 events):
No events

Internal exceptions (10 events):
Event: 6.974 Thread 0x0000000019bcf000 Exception <a 'java/lang/NoSuchMethodError': <clinit>> (0x00000000d57dde28) thrown at [C:\src\AOSP-openjdk-git\hotspot\src\share\vm\prims\jni.cpp, line 1615]
Event: 6.976 Thread 0x0000000019bcf000 Exception <a 'java/lang/NoSuchMethodError': <clinit>> (0x00000000d57e8098) thrown at [C:\src\AOSP-openjdk-git\hotspot\src\share\vm\prims\jni.cpp, line 1615]
Event: 6.977 Thread 0x0000000019bcf000 Exception <a 'java/lang/NoSuchMethodError': <clinit>> (0x00000000d57f3128) thrown at [C:\src\AOSP-openjdk-git\hotspot\src\share\vm\prims\jni.cpp, line 1615]
Event: 6.979 Thread 0x0000000019bcf000 Exception <a 'java/lang/NoSuchMethodError': <clinit>> (0x00000000db994720) thrown at [C:\src\AOSP-openjdk-git\hotspot\src\share\vm\prims\jni.cpp, line 1615]
Event: 6.988 Thread 0x0000000019bd0000 Exception <a 'java/lang/ClassNotFoundException': build_4ci2jsvry5g3u519ffj11tfeeBeanInfo> (0x00000000dba58dd0) thrown at [C:\src\AOSP-openjdk-git\hotspot\src\share\vm\classfile\systemDictionary.cpp, line 210]
Event: 6.988 Thread 0x0000000019bd0000 Exception <a 'java/lang/ClassNotFoundException': build_4ci2jsvry5g3u519ffj11tfeeCustomizer> (0x00000000dba64a10) thrown at [C:\src\AOSP-openjdk-git\hotspot\src\share\vm\classfile\systemDictionary.cpp, line 210]
Event: 6.996 Thread 0x0000000019bd0000 Exception <a 'java/lang/ClassNotFoundException': org/gradle/plugin/use/internal/PluginRequestCollector$PluginDependenciesSpecImplBeanInfo> (0x00000000dbb04830) thrown at [C:\src\AOSP-openjdk-git\hotspot\src\share\vm\classfile\systemDictionary.cpp, line 21
Event: 6.997 Thread 0x0000000019bd0000 Exception <a 'java/lang/ClassNotFoundException': org/gradle/plugin/use/internal/PluginRequestCollector$PluginDependenciesSpecImplCustomizer> (0x00000000dbb44770) thrown at [C:\src\AOSP-openjdk-git\hotspot\src\share\vm\classfile\systemDictionary.cpp, line 
Event: 7.035 Thread 0x0000000019bd0000 Exception <a 'java/lang/ClassNotFoundException': org/gradle/api/internal/plugins/DefaultObjectConfigurationActionBeanInfo> (0x00000000dbe59ed8) thrown at [C:\src\AOSP-openjdk-git\hotspot\src\share\vm\classfile\systemDictionary.cpp, line 210]
Event: 7.036 Thread 0x0000000019bd0000 Exception <a 'java/lang/ClassNotFoundException': org/gradle/api/internal/plugins/DefaultObjectConfigurationActionCustomizer> (0x00000000dbe9e2c0) thrown at [C:\src\AOSP-openjdk-git\hotspot\src\share\vm\classfile\systemDictionary.cpp, line 210]

Events (10 events):
Event: 7.377 Executing VM operation: RevokeBias done
Event: 7.377 Executing VM operation: BulkRevokeBias
Event: 7.378 Executing VM operation: BulkRevokeBias done
Event: 7.378 Executing VM operation: RevokeBias
Event: 7.379 Executing VM operation: RevokeBias done
Event: 7.379 Executing VM operation: RevokeBias
Event: 7.379 Executing VM operation: RevokeBias done
Event: 7.379 Executing VM operation: RevokeBias
Event: 7.379 Executing VM operation: RevokeBias done
Event: 7.379 Executing VM operation: RevokeBias


Dynamic libraries:
0x00007ff6df480000 - 0x00007ff6df4b1000 	C:\Program Files\Android\Android Studio\jre\bin\java.exe
0x00007ff94e500000 - 0x00007ff94e6f0000 	C:\WINDOWS\SYSTEM32\ntdll.dll
0x00007ff94d740000 - 0x00007ff94d7f2000 	C:\WINDOWS\System32\KERNEL32.DLL
0x00007ff94b8c0000 - 0x00007ff94bb65000 	C:\WINDOWS\System32\KERNELBASE.dll
0x00007ff94cd00000 - 0x00007ff94cda3000 	C:\WINDOWS\System32\ADVAPI32.dll
0x00007ff94c990000 - 0x00007ff94ca2e000 	C:\WINDOWS\System32\msvcrt.dll
0x00007ff94c5b0000 - 0x00007ff94c647000 	C:\WINDOWS\System32\sechost.dll
0x00007ff94cb70000 - 0x00007ff94cc90000 	C:\WINDOWS\System32\RPCRT4.dll
0x00007ff94d5a0000 - 0x00007ff94d734000 	C:\WINDOWS\System32\USER32.dll
0x00007ff94bc30000 - 0x00007ff94bc51000 	C:\WINDOWS\System32\win32u.dll
0x00007ff94e490000 - 0x00007ff94e4b6000 	C:\WINDOWS\System32\GDI32.dll
0x00007ff94b470000 - 0x00007ff94b606000 	C:\WINDOWS\System32\gdi32full.dll
0x00007ff94b610000 - 0x00007ff94b6ae000 	C:\WINDOWS\System32\msvcp_win.dll
0x00007ff94b760000 - 0x00007ff94b85a000 	C:\WINDOWS\System32\ucrtbase.dll
0x00007ff939820000 - 0x00007ff939aa4000 	C:\WINDOWS\WinSxS\amd64_microsoft.windows.common-controls_6595b64144ccf1df_6.0.18362.1256_none_9e7e379be45e40e2\COMCTL32.dll
0x00007ff94de50000 - 0x00007ff94e186000 	C:\WINDOWS\System32\combase.dll
0x00007ff94bba0000 - 0x00007ff94bc21000 	C:\WINDOWS\System32\bcryptPrimitives.dll
0x00007ff94d9b0000 - 0x00007ff94d9de000 	C:\WINDOWS\System32\IMM32.DLL
0x0000000071500000 - 0x00000000715d2000 	C:\Program Files\Android\Android Studio\jre\jre\bin\msvcr100.dll
0x00000000715e0000 - 0x0000000071e2b000 	C:\Program Files\Android\Android Studio\jre\jre\bin\server\jvm.dll
0x00007ff94cc90000 - 0x00007ff94cc98000 	C:\WINDOWS\System32\PSAPI.DLL
0x00007ff93f590000 - 0x00007ff93f599000 	C:\WINDOWS\SYSTEM32\WSOCK32.dll
0x00007ff943080000 - 0x00007ff9430a4000 	C:\WINDOWS\SYSTEM32\WINMM.dll
0x00007ff94cb00000 - 0x00007ff94cb6f000 	C:\WINDOWS\System32\WS2_32.dll
0x00007ff93bc50000 - 0x00007ff93bc5a000 	C:\WINDOWS\SYSTEM32\VERSION.dll
0x00007ff943050000 - 0x00007ff94307d000 	C:\WINDOWS\SYSTEM32\WINMMBASE.dll
0x00007ff94c540000 - 0x00007ff94c58a000 	C:\WINDOWS\System32\cfgmgr32.dll
0x00007ff93ca80000 - 0x00007ff93ca8f000 	C:\Program Files\Android\Android Studio\jre\jre\bin\verify.dll
0x00007ff9347f0000 - 0x00007ff934819000 	C:\Program Files\Android\Android Studio\jre\jre\bin\java.dll
0x00007ff9387c0000 - 0x00007ff9387d6000 	C:\Program Files\Android\Android Studio\jre\jre\bin\zip.dll
0x00007ff94ceb0000 - 0x00007ff94d597000 	C:\WINDOWS\System32\SHELL32.dll
0x00007ff94e230000 - 0x00007ff94e2d9000 	C:\WINDOWS\System32\shcore.dll
0x00007ff94bdb0000 - 0x00007ff94c531000 	C:\WINDOWS\System32\windows.storage.dll
0x00007ff94b3b0000 - 0x00007ff94b3d3000 	C:\WINDOWS\System32\profapi.dll
0x00007ff94b400000 - 0x00007ff94b44a000 	C:\WINDOWS\System32\powrprof.dll
0x00007ff94b3a0000 - 0x00007ff94b3b0000 	C:\WINDOWS\System32\UMPDC.dll
0x00007ff94e2e0000 - 0x00007ff94e332000 	C:\WINDOWS\System32\shlwapi.dll
0x00007ff94b450000 - 0x00007ff94b461000 	C:\WINDOWS\System32\kernel.appcore.dll
0x00007ff94c590000 - 0x00007ff94c5a7000 	C:\WINDOWS\System32\cryptsp.dll
0x00007ff933a80000 - 0x00007ff933a9a000 	C:\Program Files\Android\Android Studio\jre\jre\bin\net.dll
0x00007ff94abf0000 - 0x00007ff94ac57000 	C:\WINDOWS\system32\mswsock.dll
0x00007ff92dd60000 - 0x00007ff92dd73000 	C:\Program Files\Android\Android Studio\jre\jre\bin\nio.dll
0x00007ff933e10000 - 0x00007ff933e37000 	C:\Users\ASL-010\.gradle\native\f6784746aeab05261644944871eae4fe03e0ef1612fff0a4a95f87b438bc6780\windows-amd64\native-platform.dll
0x00007ff93c5f0000 - 0x00007ff93c5fd000 	C:\Program Files\Android\Android Studio\jre\jre\bin\management.dll
0x00007ff94a760000 - 0x00007ff94a793000 	C:\WINDOWS\system32\rsaenh.dll
0x00007ff94bb70000 - 0x00007ff94bb96000 	C:\WINDOWS\System32\bcrypt.dll
0x00007ff94b280000 - 0x00007ff94b2a5000 	C:\WINDOWS\SYSTEM32\USERENV.dll
0x00007ff94adc0000 - 0x00007ff94adcc000 	C:\WINDOWS\SYSTEM32\CRYPTBASE.dll
0x00007ff94a900000 - 0x00007ff94a93a000 	C:\WINDOWS\SYSTEM32\IPHLPAPI.DLL
0x00007ff94e340000 - 0x00007ff94e348000 	C:\WINDOWS\System32\NSI.dll
0x00007ff9451f0000 - 0x00007ff945206000 	C:\WINDOWS\SYSTEM32\dhcpcsvc6.DLL
0x00007ff9455b0000 - 0x00007ff9455cc000 	C:\WINDOWS\SYSTEM32\dhcpcsvc.DLL
0x00007ff94a940000 - 0x00007ff94aa0b000 	C:\WINDOWS\SYSTEM32\DNSAPI.dll
0x00007ff945650000 - 0x00007ff94565b000 	C:\WINDOWS\SYSTEM32\WINNSI.DLL

VM Arguments:
jvm_args: -Xmx2048m -Dfile.encoding=UTF-8 -Duser.country=US -Duser.language=en -Duser.variant 
java_command: org.gradle.launcher.daemon.bootstrap.GradleDaemon 6.5
java_class_path (initial): C:\Users\ASL-010\.gradle\wrapper\dists\gradle-6.5-bin\6nifqtx7604sqp1q6g8wikw7p\gradle-6.5\lib\gradle-launcher-6.5.jar
Launcher Type: SUN_STANDARD

Environment Variables:
PATH=C:\Program Files\Common Files\Oracle\Java\javapath;C:\WINDOWS\system32;C:\WINDOWS;C:\WINDOWS\System32\Wbem;C:\WINDOWS\System32\WindowsPowerShell\v1.0\;C:\WINDOWS\System32\OpenSSH\;C:\Program Files\Git\cmd;C:\Program Files\Git\mingw64\bin;C:\Program Files\Git\usr\bin;C:\Users\ASL-010\AppData\Local\Microsoft\WindowsApps;;C:\Users\ASL-010\AppData\Local\Programs\Microsoft VS Code\bin
USERNAME=ASL-010
OS=Windows_NT
PROCESSOR_IDENTIFIER=Intel64 Family 6 Model 58 Stepping 9, GenuineIntel



---------------  S Y S T E M  ---------------

OS: Windows 10.0 , 64 bit Build 18362 (10.0.18362.1110)

CPU:total 4 (initial active 4) (2 cores per cpu, 2 threads per core) family 6 model 58 stepping 9, cmov, cx8, fxsr, mmx, sse, sse2, sse3, ssse3, sse4.1, sse4.2, popcnt, avx, aes, clmul, erms, ht, tsc, tscinvbit, tscinv

Memory: 4k page, physical 8248880k(2383508k free), swap 22751008k(6264k free)

vm_info: OpenJDK 64-Bit Server VM (25.242-b01) for windows-amd64 JRE (1.8.0_242-release-1644-b01), built by "builder" with MS VC++ 10.0 (VS2010)

time: Mon Dec 21 17:17:53 2020
timezone: Bangladesh Standard Time
elapsed time: 7 seconds (0d 0h 0m 7s)

