#
# There is insufficient memory for the Java Runtime Environment to continue.
# Native memory allocation (malloc) failed to allocate 996976 bytes for Chunk::new
# Possible reasons:
#   The system is out of physical RAM or swap space
#   The process is running with CompressedOops enabled, and the Java Heap may be blocking the growth of the native heap
# Possible solutions:
#   Reduce memory load on the system
#   Increase physical memory or swap space
#   Check if swap backing store is full
#   Decrease Java heap size (-Xmx/-Xms)
#   Decrease number of Java threads
#   Decrease Java thread stack sizes (-Xss)
#   Set larger code cache with -XX:ReservedCodeCacheSize=
#   JVM is running with Unscaled Compressed Oops mode in which the Java heap is
#     placed in the first 4GB address space. The Java Heap base address is the
#     maximum limit for the native heap growth. Please use -XX:HeapBaseMinAddress
#     to set the Java Heap base and to place the Java Heap above 4GB virtual address.
# This output file may be truncated or incomplete.
#
#  Out of Memory Error (allocation.cpp:389), pid=336, tid=0x000000000000068c
#
# JRE version: OpenJDK Runtime Environment (8.0_242-b01) (build 1.8.0_242-release-1644-b01)
# Java VM: OpenJDK 64-Bit Server VM (25.242-b01 mixed mode windows-amd64 compressed oops)
# Failed to write core dump. Minidumps are not enabled by default on client versions of Windows
#

---------------  T H R E A D  ---------------

Current thread (0x00000000171f6000):  JavaThread "C2 CompilerThread1" daemon [_thread_in_native, id=1676, stack(0x0000000018940000,0x0000000018a40000)]

Stack: [0x0000000018940000,0x0000000018a40000]
[error occurred during error reporting (printing stack bounds), id 0xc0000005]

Native frames: (J=compiled Java code, j=interpreted, Vv=VM code, C=native code)


Current CompileTask:
C2:1172221 10147       4       com.android.tools.r8.dex.n::e (654 bytes)


---------------  P R O C E S S  ---------------

Java Threads: ( => current thread )
  0x000000001e1cb800 JavaThread "ForkJoinPool-2-worker-0" daemon [_thread_blocked, id=8092, stack(0x000000002bd60000,0x000000002be60000)]
  0x000000001e1c9800 JavaThread "ForkJoinPool-2-worker-3" daemon [_thread_blocked, id=8940, stack(0x000000002bc60000,0x000000002bd60000)]
  0x000000001e1c2000 JavaThread "ForkJoinPool-2-worker-2" daemon [_thread_blocked, id=6300, stack(0x000000002bb60000,0x000000002bc60000)]
  0x000000001e1c8800 JavaThread "ForkJoinPool-2-worker-1" daemon [_thread_blocked, id=11176, stack(0x000000002ba60000,0x000000002bb60000)]
  0x000000001e1c8000 JavaThread "WorkerExecutor Queue" [_thread_in_vm, id=1064, stack(0x000000002ade0000,0x000000002aee0000)]
  0x000000001e1c7000 JavaThread "Cache worker for execution history cache (E:\AndroidStudioProjects\DesignAndroidApplication\.gradle\6.5\executionHistory)" [_thread_blocked, id=8172, stack(0x00000000295f0000,0x00000000296f0000)]
  0x000000001e1bf800 JavaThread "Execution worker for ':' Thread 3" [_thread_blocked, id=3864, stack(0x00000000294f0000,0x00000000295f0000)]
  0x000000001e1c5800 JavaThread "Execution worker for ':' Thread 2" [_thread_blocked, id=2084, stack(0x0000000028f50000,0x0000000029050000)]
  0x000000001e1c1000 JavaThread "Execution worker for ':'" [_thread_blocked, id=13128, stack(0x0000000028e50000,0x0000000028f50000)]
  0x000000001e1bf000 JavaThread "Cache worker for file content cache (E:\AndroidStudioProjects\DesignAndroidApplication\.gradle\6.5\fileContent)" [_thread_blocked, id=4348, stack(0x0000000027d70000,0x0000000027e70000)]
  0x000000001e1c4000 JavaThread "Cache worker for Build Output Cleanup Cache (E:\AndroidStudioProjects\DesignAndroidApplication\.gradle\buildOutputCleanup)" [_thread_blocked, id=12244, stack(0x0000000027a70000,0x0000000027b70000)]
  0x000000001e1c0800 JavaThread "jar transforms Thread 184" [_thread_blocked, id=12036, stack(0x0000000027970000,0x0000000027a70000)]
  0x000000001e1bc800 JavaThread "jar transforms Thread 183" [_thread_blocked, id=4204, stack(0x0000000027870000,0x0000000027970000)]
  0x000000001e1be000 JavaThread "jar transforms Thread 182" [_thread_blocked, id=10040, stack(0x0000000027770000,0x0000000027870000)]
  0x000000001e1c2800 JavaThread "jar transforms Thread 181" [_thread_blocked, id=9720, stack(0x0000000027670000,0x0000000027770000)]
  0x000000001e1c3800 JavaThread "jar transforms Thread 180" [_thread_blocked, id=7816, stack(0x0000000027570000,0x0000000027670000)]
  0x0000000019ebf800 JavaThread "jar transforms Thread 179" [_thread_blocked, id=9336, stack(0x0000000027470000,0x0000000027570000)]
  0x0000000019ebd000 JavaThread "jar transforms Thread 178" [_thread_blocked, id=8988, stack(0x0000000027370000,0x0000000027470000)]
  0x0000000019ebe000 JavaThread "jar transforms Thread 177" [_thread_blocked, id=8308, stack(0x0000000027270000,0x0000000027370000)]
  0x0000000019ebe800 JavaThread "jar transforms Thread 176" [_thread_blocked, id=13144, stack(0x0000000027170000,0x0000000027270000)]
  0x0000000019ebc800 JavaThread "jar transforms Thread 175" [_thread_blocked, id=9800, stack(0x0000000027070000,0x0000000027170000)]
  0x0000000019eb5000 JavaThread "jar transforms Thread 174" [_thread_blocked, id=3452, stack(0x0000000026f70000,0x0000000027070000)]
  0x0000000019ebb800 JavaThread "jar transforms Thread 173" [_thread_blocked, id=652, stack(0x0000000026e70000,0x0000000026f70000)]
  0x0000000019eb4000 JavaThread "jar transforms Thread 172" [_thread_blocked, id=2232, stack(0x0000000026d70000,0x0000000026e70000)]
  0x0000000019ebb000 JavaThread "jar transforms Thread 171" [_thread_blocked, id=11960, stack(0x0000000026c70000,0x0000000026d70000)]
  0x0000000019eb3800 JavaThread "jar transforms Thread 170" [_thread_blocked, id=13612, stack(0x0000000026b70000,0x0000000026c70000)]
  0x0000000019eba000 JavaThread "jar transforms Thread 169" [_thread_blocked, id=2860, stack(0x0000000026a70000,0x0000000026b70000)]
  0x0000000019eb9800 JavaThread "jar transforms Thread 168" [_thread_blocked, id=14136, stack(0x0000000026970000,0x0000000026a70000)]
  0x0000000019eb8800 JavaThread "jar transforms Thread 167" [_thread_blocked, id=12160, stack(0x0000000026870000,0x0000000026970000)]
  0x0000000019eb1000 JavaThread "jar transforms Thread 166" [_thread_blocked, id=8968, stack(0x0000000026770000,0x0000000026870000)]
  0x0000000019eb8000 JavaThread "jar transforms Thread 165" [_thread_blocked, id=12560, stack(0x0000000026670000,0x0000000026770000)]
  0x0000000019eb7000 JavaThread "jar transforms Thread 164" [_thread_blocked, id=11956, stack(0x0000000026570000,0x0000000026670000)]
  0x0000000019eb2800 JavaThread "jar transforms Thread 163" [_thread_blocked, id=9532, stack(0x0000000026470000,0x0000000026570000)]
  0x0000000019eb0800 JavaThread "jar transforms Thread 162" [_thread_blocked, id=9952, stack(0x0000000026370000,0x0000000026470000)]
  0x0000000019eb2000 JavaThread "jar transforms Thread 161" [_thread_blocked, id=7732, stack(0x0000000026270000,0x0000000026370000)]
  0x0000000019eb6800 JavaThread "jar transforms Thread 160" [_thread_blocked, id=5888, stack(0x0000000026170000,0x0000000026270000)]
  0x0000000019eb5800 JavaThread "jar transforms Thread 159" [_thread_blocked, id=6612, stack(0x0000000026070000,0x0000000026170000)]
  0x0000000019440800 JavaThread "jar transforms Thread 158" [_thread_blocked, id=8648, stack(0x0000000025f70000,0x0000000026070000)]
  0x0000000019446800 JavaThread "jar transforms Thread 157" [_thread_blocked, id=12332, stack(0x0000000025e70000,0x0000000025f70000)]
  0x000000001943f000 JavaThread "jar transforms Thread 156" [_thread_blocked, id=2492, stack(0x0000000025d70000,0x0000000025e70000)]
  0x0000000019445800 JavaThread "jar transforms Thread 155" [_thread_blocked, id=12308, stack(0x0000000025c70000,0x0000000025d70000)]
  0x0000000019442000 JavaThread "jar transforms Thread 154" [_thread_blocked, id=5852, stack(0x0000000025b70000,0x0000000025c70000)]
  0x0000000019445000 JavaThread "jar transforms Thread 153" [_thread_blocked, id=11076, stack(0x0000000025a70000,0x0000000025b70000)]
  0x0000000019441000 JavaThread "jar transforms Thread 152" [_thread_blocked, id=8820, stack(0x0000000025970000,0x0000000025a70000)]
  0x0000000019444000 JavaThread "jar transforms Thread 151" [_thread_blocked, id=7300, stack(0x0000000025870000,0x0000000025970000)]
  0x000000001943f800 JavaThread "jar transforms Thread 150" [_thread_blocked, id=13920, stack(0x0000000025770000,0x0000000025870000)]
  0x0000000019443800 JavaThread "jar transforms Thread 149" [_thread_blocked, id=748, stack(0x0000000025670000,0x0000000025770000)]
  0x0000000019442800 JavaThread "jar transforms Thread 148" [_thread_blocked, id=13516, stack(0x0000000025570000,0x0000000025670000)]
  0x0000000019439000 JavaThread "jar transforms Thread 147" [_thread_blocked, id=4856, stack(0x0000000025470000,0x0000000025570000)]
  0x0000000019437800 JavaThread "jar transforms Thread 146" [_thread_blocked, id=13556, stack(0x0000000025370000,0x0000000025470000)]
  0x000000001943e000 JavaThread "jar transforms Thread 145" [_thread_blocked, id=2988, stack(0x0000000025270000,0x0000000025370000)]
  0x000000001943d800 JavaThread "jar transforms Thread 144" [_thread_blocked, id=8272, stack(0x0000000025170000,0x0000000025270000)]
  0x000000001943c000 JavaThread "jar transforms Thread 143" [_thread_blocked, id=7336, stack(0x0000000025070000,0x0000000025170000)]
  0x000000001943b000 JavaThread "jar transforms Thread 142" [_thread_blocked, id=4156, stack(0x0000000024f70000,0x0000000025070000)]
  0x0000000019439800 JavaThread "jar transforms Thread 141" [_thread_blocked, id=396, stack(0x0000000024e70000,0x0000000024f70000)]
  0x000000001943a800 JavaThread "jar transforms Thread 140" [_thread_blocked, id=13572, stack(0x0000000024d70000,0x0000000024e70000)]
  0x0000000019438000 JavaThread "jar transforms Thread 139" [_thread_blocked, id=5080, stack(0x0000000024c70000,0x0000000024d70000)]
  0x000000001943c800 JavaThread "jar transforms Thread 138" [_thread_blocked, id=11696, stack(0x0000000024b70000,0x0000000024c70000)]
  0x000000001b410000 JavaThread "jar transforms Thread 137" [_thread_blocked, id=5160, stack(0x0000000024a70000,0x0000000024b70000)]
  0x000000001b411000 JavaThread "jar transforms Thread 136" [_thread_blocked, id=6500, stack(0x0000000024970000,0x0000000024a70000)]
  0x000000001b40f800 JavaThread "jar transforms Thread 135" [_thread_blocked, id=12356, stack(0x0000000024870000,0x0000000024970000)]
  0x000000001b40c800 JavaThread "jar transforms Thread 134" [_thread_blocked, id=7212, stack(0x0000000024770000,0x0000000024870000)]
  0x000000001b40e800 JavaThread "jar transforms Thread 133" [_thread_blocked, id=8468, stack(0x0000000024670000,0x0000000024770000)]
  0x000000001b40b800 JavaThread "jar transforms Thread 132" [_thread_blocked, id=11592, stack(0x0000000024570000,0x0000000024670000)]
  0x000000001b412800 JavaThread "jar transforms Thread 131" [_thread_blocked, id=11136, stack(0x0000000024470000,0x0000000024570000)]
  0x000000001b40e000 JavaThread "jar transforms Thread 130" [_thread_blocked, id=72, stack(0x0000000024370000,0x0000000024470000)]
  0x000000001b40d000 JavaThread "jar transforms Thread 129" [_thread_blocked, id=5456, stack(0x0000000024270000,0x0000000024370000)]
  0x000000001b411800 JavaThread "jar transforms Thread 128" [_thread_blocked, id=13296, stack(0x0000000024170000,0x0000000024270000)]
  0x000000001b404000 JavaThread "jar transforms Thread 127" [_thread_blocked, id=9708, stack(0x0000000024070000,0x0000000024170000)]
  0x000000001b40b000 JavaThread "jar transforms Thread 126" [_thread_blocked, id=12752, stack(0x0000000023f70000,0x0000000024070000)]
  0x000000001b40a000 JavaThread "jar transforms Thread 125" [_thread_blocked, id=10804, stack(0x0000000023e70000,0x0000000023f70000)]
  0x000000001b405800 JavaThread "jar transforms Thread 124" [_thread_blocked, id=7692, stack(0x0000000023d70000,0x0000000023e70000)]
  0x000000001b409800 JavaThread "jar transforms Thread 123" [_thread_blocked, id=4612, stack(0x0000000023c70000,0x0000000023d70000)]
  0x000000001b408800 JavaThread "jar transforms Thread 122" [_thread_blocked, id=12396, stack(0x0000000023b70000,0x0000000023c70000)]
  0x000000001b405000 JavaThread "jar transforms Thread 121" [_thread_blocked, id=3016, stack(0x0000000023a70000,0x0000000023b70000)]
  0x000000001b407000 JavaThread "jar transforms Thread 120" [_thread_blocked, id=13436, stack(0x0000000023970000,0x0000000023a70000)]
  0x000000001b403800 JavaThread "jar transforms Thread 119" [_thread_blocked, id=11488, stack(0x0000000023870000,0x0000000023970000)]
  0x000000001b406800 JavaThread "jar transforms Thread 118" [_thread_blocked, id=10940, stack(0x0000000023770000,0x0000000023870000)]
  0x000000001b408000 JavaThread "jar transforms Thread 117" [_thread_blocked, id=6828, stack(0x0000000023670000,0x0000000023770000)]
  0x000000001af96800 JavaThread "jar transforms Thread 116" [_thread_blocked, id=10956, stack(0x0000000023570000,0x0000000023670000)]
  0x000000001af96000 JavaThread "jar transforms Thread 115" [_thread_blocked, id=3952, stack(0x0000000023470000,0x0000000023570000)]
  0x000000001af9c000 JavaThread "jar transforms Thread 114" [_thread_blocked, id=7196, stack(0x0000000023370000,0x0000000023470000)]
  0x000000001af9b000 JavaThread "jar transforms Thread 113" [_thread_blocked, id=13104, stack(0x0000000023270000,0x0000000023370000)]
  0x000000001af99000 JavaThread "jar transforms Thread 112" [_thread_blocked, id=4888, stack(0x0000000023170000,0x0000000023270000)]
  0x000000001dfcb000 JavaThread "jar transforms Thread 111" [_thread_blocked, id=4580, stack(0x0000000023070000,0x0000000023170000)]
  0x000000001dfcc800 JavaThread "jar transforms Thread 110" [_thread_blocked, id=9728, stack(0x0000000022f70000,0x0000000023070000)]
  0x000000001dfc8800 JavaThread "jar transforms Thread 109" [_thread_blocked, id=12672, stack(0x0000000022e70000,0x0000000022f70000)]
  0x000000001dfcd000 JavaThread "jar transforms Thread 108" [_thread_blocked, id=5400, stack(0x0000000022d70000,0x0000000022e70000)]
  0x000000001dfca000 JavaThread "jar transforms Thread 107" [_thread_blocked, id=5712, stack(0x0000000022c70000,0x0000000022d70000)]
  0x000000001dfcb800 JavaThread "jar transforms Thread 106" [_thread_blocked, id=1508, stack(0x0000000022b70000,0x0000000022c70000)]
  0x000000001dfce000 JavaThread "jar transforms Thread 105" [_thread_blocked, id=14180, stack(0x0000000022a70000,0x0000000022b70000)]
  0x000000001dfc9800 JavaThread "jar transforms Thread 104" [_thread_blocked, id=10988, stack(0x0000000022970000,0x0000000022a70000)]
  0x000000001dfc1000 JavaThread "jar transforms Thread 103" [_thread_blocked, id=13980, stack(0x0000000022770000,0x0000000022870000)]
  0x000000001dfc6800 JavaThread "jar transforms Thread 102" [_thread_blocked, id=10444, stack(0x0000000022670000,0x0000000022770000)]
  0x000000001dfc2800 JavaThread "jar transforms Thread 101" [_thread_blocked, id=4724, stack(0x0000000022570000,0x0000000022670000)]
  0x000000001dfc4000 JavaThread "jar transforms Thread 100" [_thread_blocked, id=9424, stack(0x0000000022470000,0x0000000022570000)]
  0x000000001dfc7000 JavaThread "jar transforms Thread 99" [_thread_blocked, id=1376, stack(0x0000000022370000,0x0000000022470000)]
  0x000000001dfc3800 JavaThread "jar transforms Thread 98" [_thread_blocked, id=10796, stack(0x0000000022270000,0x0000000022370000)]
  0x000000001dfc5800 JavaThread "jar transforms Thread 97" [_thread_blocked, id=12008, stack(0x0000000022170000,0x0000000022270000)]
  0x000000001dfc0800 JavaThread "jar transforms Thread 96" [_thread_blocked, id=10896, stack(0x0000000022070000,0x0000000022170000)]
  0x000000001dfbf000 JavaThread "jar transforms Thread 95" [_thread_blocked, id=11932, stack(0x0000000021f70000,0x0000000022070000)]
  0x000000001dfc5000 JavaThread "jar transforms Thread 94" [_thread_blocked, id=10812, stack(0x0000000021e70000,0x0000000021f70000)]
  0x000000001b373800 JavaThread "jar transforms Thread 93" [_thread_blocked, id=4976, stack(0x0000000021d70000,0x0000000021e70000)]
  0x000000001b370800 JavaThread "Build operations Thread 4" [_thread_blocked, id=12444, stack(0x0000000021c70000,0x0000000021d70000)]
  0x000000001b36f800 JavaThread "Build operations Thread 3" [_thread_blocked, id=8292, stack(0x0000000021b70000,0x0000000021c70000)]
  0x000000001b374000 JavaThread "Build operations Thread 2" [_thread_blocked, id=1264, stack(0x0000000021370000,0x0000000021470000)]
  0x000000001b372000 JavaThread "Build operations" [_thread_blocked, id=11252, stack(0x000000001f790000,0x000000001f890000)]
  0x000000001b372800 JavaThread "Cache worker for cache directory md-rule (C:\Users\ASL-010\.gradle\caches\6.5\md-rule)" [_thread_blocked, id=5316, stack(0x000000001e290000,0x000000001e390000)]
  0x000000001b371000 JavaThread "Cache worker for cache directory md-supplier (C:\Users\ASL-010\.gradle\caches\6.5\md-supplier)" [_thread_blocked, id=4624, stack(0x000000001ccc0000,0x000000001cdc0000)]
  0x000000001b368000 JavaThread "Cache worker for checksums cache (E:\AndroidStudioProjects\DesignAndroidApplication\.gradle\checksums)" [_thread_blocked, id=2540, stack(0x000000001c9c0000,0x000000001cac0000)]
  0x000000001b36f000 JavaThread "Cache worker for file hash cache (E:\AndroidStudioProjects\DesignAndroidApplication\.gradle\6.5\fileHashes)" [_thread_blocked, id=10372, stack(0x000000001c8c0000,0x000000001c9c0000)]
  0x000000001b36e000 JavaThread "Thread-128" [_thread_blocked, id=3176, stack(0x000000001c7c0000,0x000000001c8c0000)]
  0x000000001b36a800 JavaThread "Stdin handler" [_thread_blocked, id=7356, stack(0x000000001c4c0000,0x000000001c5c0000)]
  0x000000001b366800 JavaThread "Asynchronous log dispatcher for DefaultDaemonConnection: socket connection from /127.0.0.1:57084 to /127.0.0.1:55898" [_thread_blocked, id=736, stack(0x000000001c080000,0x000000001c180000)]
  0x000000001b369800 JavaThread "Daemon worker Thread 2" [_thread_blocked, id=10468, stack(0x000000001bf80000,0x000000001c080000)]
  0x000000001b36d800 JavaThread "Cancel handler" [_thread_blocked, id=752, stack(0x00000000008f0000,0x00000000009f0000)]
  0x000000001b36c800 JavaThread "Handler for socket connection from /127.0.0.1:57084 to /127.0.0.1:55898" [_thread_in_native, id=11380, stack(0x00000000007f0000,0x00000000008f0000)]
  0x000000001b369000 JavaThread "Daemon Thread 2" [_thread_blocked, id=356, stack(0x00000000005d0000,0x00000000006d0000)]
  0x000000001dfc8000 JavaThread "Memory manager" [_thread_blocked, id=11184, stack(0x0000000028270000,0x0000000028370000)]
  0x000000001af9a800 JavaThread "Cache worker for file content cache (C:\Users\ASL-010\.gradle\caches\6.5\fileContent)" [_thread_blocked, id=2248, stack(0x0000000021470000,0x0000000021570000)]
  0x000000001af95000 JavaThread "Cache worker for execution history cache (C:\Users\ASL-010\.gradle\caches\6.5\executionHistory)" [_thread_blocked, id=8188, stack(0x000000001fa90000,0x000000001fb90000)]
  0x000000001af99800 JavaThread "Cache worker for file hash cache (C:\Users\ASL-010\.gradle\caches\6.5\fileHashes)" [_thread_blocked, id=6896, stack(0x000000001d1c0000,0x000000001d2c0000)]
  0x000000001af97800 JavaThread "File lock request listener" [_thread_in_native, id=8080, stack(0x000000001d0c0000,0x000000001d1c0000)]
  0x000000001ade5800 JavaThread "Cache worker for journal cache (C:\Users\ASL-010\.gradle\caches\journal-1)" [_thread_blocked, id=6404, stack(0x000000001cfc0000,0x000000001d0c0000)]
  0x000000001ad77800 JavaThread "Daemon periodic checks" [_thread_blocked, id=2748, stack(0x000000001c3c0000,0x000000001c4c0000)]
  0x000000001ad28000 JavaThread "Incoming local TCP Connector on port 57084" [_thread_in_native, id=1456, stack(0x000000001c180000,0x000000001c280000)]
  0x0000000018e19800 JavaThread "Daemon health stats" [_thread_blocked, id=364, stack(0x000000001bb40000,0x000000001bc40000)]
  0x0000000018a6f000 JavaThread "Service Thread" daemon [_thread_blocked, id=5252, stack(0x0000000018f40000,0x0000000019040000)]
  0x000000001723b800 JavaThread "C1 CompilerThread2" daemon [_thread_blocked, id=12208, stack(0x0000000018e40000,0x0000000018f40000)]
=>0x00000000171f6000 JavaThread "C2 CompilerThread1" daemon [_thread_in_native, id=1676, stack(0x0000000018940000,0x0000000018a40000)]
  0x00000000171e7000 JavaThread "C2 CompilerThread0" daemon [_thread_in_native, id=8084, stack(0x0000000018840000,0x0000000018940000)]
  0x00000000171e4000 JavaThread "Attach Listener" daemon [_thread_blocked, id=5412, stack(0x0000000018740000,0x0000000018840000)]
  0x00000000171e1000 JavaThread "Signal Dispatcher" daemon [_thread_blocked, id=11656, stack(0x0000000018640000,0x0000000018740000)]
  0x00000000025bc000 JavaThread "Finalizer" daemon [_thread_blocked, id=4328, stack(0x0000000018440000,0x0000000018540000)]
  0x00000000025b3000 JavaThread "Reference Handler" daemon [_thread_blocked, id=13672, stack(0x0000000018340000,0x0000000018440000)]
  0x00000000024be000 JavaThread "main" [_thread_blocked, id=8220, stack(0x0000000002300000,0x0000000002400000)]

Other Threads:
  0x00000000171a5800 VMThread [stack: 0x0000000018240000,0x0000000018340000] [id=11340]
  0x0000000018a75800 WatcherThread [stack: 0x0000000019040000,0x0000000019140000] [id=9848]

VM state:not at safepoint (normal execution)

VM Mutex/Monitor currently owned by a thread: None

OutOfMemory and StackOverflow Exception counts:
OutOfMemoryError java_heap_errors=1

heap address: 0x0000000080000000, size: 2048 MB, Compressed Oops mode: 32-bit
Narrow klass base: 0x0000000000000000, Narrow klass shift: 3
Compressed class space size: 1073741824 Address: 0x0000000100000000

Heap:
 PSYoungGen      total 185856K, used 26674K [0x00000000d5580000, 0x00000000e6b00000, 0x0000000100000000)
  eden space 160256K, 6% used [0x00000000d5580000,0x00000000d5fc7488,0x00000000df200000)
  from space 25600K, 63% used [0x00000000df200000,0x00000000e01c56f0,0x00000000e0b00000)
  to   space 41472K, 0% used [0x00000000e4280000,0x00000000e4280000,0x00000000e6b00000)
 ParOldGen       total 189440K, used 74909K [0x0000000080000000, 0x000000008b900000, 0x00000000d5580000)
  object space 189440K, 39% used [0x0000000080000000,0x00000000849277a8,0x000000008b900000)
 Metaspace       used 73364K, capacity 76738K, committed 76952K, reserved 1116160K
  class space    used 9920K, capacity 10588K, committed 10672K, reserved 1048576K

Card table byte_map: [0x0000000011980000,0x0000000011d90000] byte_map_base: 0x0000000011580000

Marking Bits: (ParMarkBitMap*) 0x0000000071daf030
 Begin Bits: [0x0000000012440000, 0x0000000014440000)
 End Bits:   [0x0000000014440000, 0x0000000016440000)

Polling page: 0x00000000006e0000

CodeCache: size=245760Kb used=28960Kb max_used=28960Kb free=216799Kb
 bounds [0x00000000025c0000, 0x0000000004230000, 0x00000000115c0000]
 total_blobs=9854 nmethods=9055 adapters=711
 compilation: enabled

Compilation events (10 events):
Event: 1172.160 Thread 0x000000001723b800 10350       2       com.android.tools.r8.utils.n0::hasNext (13 bytes)
Event: 1172.161 Thread 0x000000001723b800 nmethod 10350 0x000000000422ac90 code [0x000000000422ade0, 0x000000000422af50]
Event: 1172.161 Thread 0x000000001723b800 10351       2       com.android.tools.r8.utils.n0::next (27 bytes)
Event: 1172.161 Thread 0x000000001723b800 nmethod 10351 0x000000000422afd0 code [0x000000000422b140, 0x000000000422b398]
Event: 1172.161 Thread 0x000000001723b800 10347       1       com.android.tools.r8.graph.E::f (5 bytes)
Event: 1172.161 Thread 0x000000001723b800 nmethod 10347 0x000000000422b4d0 code [0x000000000422b620, 0x000000000422b730]
Event: 1172.161 Thread 0x000000001723b800 10348       1       com.android.tools.r8.graph.r::isCfCode (2 bytes)
Event: 1172.161 Thread 0x000000001723b800 nmethod 10348 0x000000000422b790 code [0x000000000422b8e0, 0x000000000422b9f0]
Event: 1172.161 Thread 0x000000001723b800 10329       2       java.util.concurrent.ForkJoinWorkerThread::afterTopLevelExec (1 bytes)
Event: 1172.161 Thread 0x000000001723b800 nmethod 10329 0x000000000422ba50 code [0x000000000422bba0, 0x000000000422bcf0]

GC Heap History (10 events):
Event: 10.566 GC heap before
{Heap before GC invocations=15 (full 3):
 PSYoungGen      total 180736K, used 2080K [0x00000000d5580000, 0x00000000e1580000, 0x0000000100000000)
  eden space 169984K, 0% used [0x00000000d5580000,0x00000000d5580000,0x00000000dfb80000)
  from space 10752K, 19% used [0x00000000e0b00000,0x00000000e0d08000,0x00000000e1580000)
  to   space 13312K, 0% used [0x00000000dfb80000,0x00000000dfb80000,0x00000000e0880000)
 ParOldGen       total 75264K, used 42103K [0x0000000080000000, 0x0000000084980000, 0x00000000d5580000)
  object space 75264K, 55% used [0x0000000080000000,0x000000008291dd30,0x0000000084980000)
 Metaspace       used 56726K, capacity 59068K, committed 59160K, reserved 1099776K
  class space    used 7761K, capacity 8237K, committed 8240K, reserved 1048576K
Event: 10.822 GC heap after
Heap after GC invocations=15 (full 3):
 PSYoungGen      total 180736K, used 0K [0x00000000d5580000, 0x00000000e1580000, 0x0000000100000000)
  eden space 169984K, 0% used [0x00000000d5580000,0x00000000d5580000,0x00000000dfb80000)
  from space 10752K, 0% used [0x00000000e0b00000,0x00000000e0b00000,0x00000000e1580000)
  to   space 13312K, 0% used [0x00000000dfb80000,0x00000000dfb80000,0x00000000e0880000)
 ParOldGen       total 75264K, used 30526K [0x0000000080000000, 0x0000000084980000, 0x00000000d5580000)
  object space 75264K, 40% used [0x0000000080000000,0x0000000081dcf958,0x0000000084980000)
 Metaspace       used 56705K, capacity 58996K, committed 59160K, reserved 1099776K
  class space    used 7755K, capacity 8225K, committed 8240K, reserved 1048576K
}
Event: 14.066 GC heap before
{Heap before GC invocations=16 (full 3):
 PSYoungGen      total 180736K, used 169984K [0x00000000d5580000, 0x00000000e1580000, 0x0000000100000000)
  eden space 169984K, 100% used [0x00000000d5580000,0x00000000dfb80000,0x00000000dfb80000)
  from space 10752K, 0% used [0x00000000e0b00000,0x00000000e0b00000,0x00000000e1580000)
  to   space 13312K, 0% used [0x00000000dfb80000,0x00000000dfb80000,0x00000000e0880000)
 ParOldGen       total 75264K, used 30526K [0x0000000080000000, 0x0000000084980000, 0x00000000d5580000)
  object space 75264K, 40% used [0x0000000080000000,0x0000000081dcf958,0x0000000084980000)
 Metaspace       used 63453K, capacity 66244K, committed 66456K, reserved 1105920K
  class space    used 8737K, capacity 9335K, committed 9392K, reserved 1048576K
Event: 14.091 GC heap after
Heap after GC invocations=16 (full 3):
 PSYoungGen      total 183296K, used 13294K [0x00000000d5580000, 0x00000000e1580000, 0x0000000100000000)
  eden space 169984K, 0% used [0x00000000d5580000,0x00000000d5580000,0x00000000dfb80000)
  from space 13312K, 99% used [0x00000000dfb80000,0x00000000e087b860,0x00000000e0880000)
  to   space 10752K, 0% used [0x00000000e0b00000,0x00000000e0b00000,0x00000000e1580000)
 ParOldGen       total 75264K, used 32940K [0x0000000080000000, 0x0000000084980000, 0x00000000d5580000)
  object space 75264K, 43% used [0x0000000080000000,0x000000008202b128,0x0000000084980000)
 Metaspace       used 63453K, capacity 66244K, committed 66456K, reserved 1105920K
  class space    used 8737K, capacity 9335K, committed 9392K, reserved 1048576K
}
Event: 1169.137 GC heap before
{Heap before GC invocations=17 (full 3):
 PSYoungGen      total 183296K, used 183278K [0x00000000d5580000, 0x00000000e1580000, 0x0000000100000000)
  eden space 169984K, 100% used [0x00000000d5580000,0x00000000dfb80000,0x00000000dfb80000)
  from space 13312K, 99% used [0x00000000dfb80000,0x00000000e087b860,0x00000000e0880000)
  to   space 10752K, 0% used [0x00000000e0b00000,0x00000000e0b00000,0x00000000e1580000)
 ParOldGen       total 75264K, used 32940K [0x0000000080000000, 0x0000000084980000, 0x00000000d5580000)
  object space 75264K, 43% used [0x0000000080000000,0x000000008202b128,0x0000000084980000)
 Metaspace       used 68926K, capacity 72276K, committed 72344K, reserved 1112064K
  class space    used 9212K, capacity 9887K, committed 9904K, reserved 1048576K
Event: 1169.170 GC heap after
Heap after GC invocations=17 (full 3):
 PSYoungGen      total 171008K, used 10742K [0x00000000d5580000, 0x00000000e5480000, 0x0000000100000000)
  eden space 160256K, 0% used [0x00000000d5580000,0x00000000d5580000,0x00000000df200000)
  from space 10752K, 99% used [0x00000000e0b00000,0x00000000e157dad0,0x00000000e1580000)
  to   space 25600K, 0% used [0x00000000df200000,0x00000000df200000,0x00000000e0b00000)
 ParOldGen       total 75264K, used 44400K [0x0000000080000000, 0x0000000084980000, 0x00000000d5580000)
  object space 75264K, 58% used [0x0000000080000000,0x0000000082b5c320,0x0000000084980000)
 Metaspace       used 68926K, capacity 72276K, committed 72344K, reserved 1112064K
  class space    used 9212K, capacity 9887K, committed 9904K, reserved 1048576K
}
Event: 1171.411 GC heap before
{Heap before GC invocations=18 (full 3):
 PSYoungGen      total 171008K, used 170998K [0x00000000d5580000, 0x00000000e5480000, 0x0000000100000000)
  eden space 160256K, 100% used [0x00000000d5580000,0x00000000df200000,0x00000000df200000)
  from space 10752K, 99% used [0x00000000e0b00000,0x00000000e157dad0,0x00000000e1580000)
  to   space 25600K, 0% used [0x00000000df200000,0x00000000df200000,0x00000000e0b00000)
 ParOldGen       total 75264K, used 44400K [0x0000000080000000, 0x0000000084980000, 0x00000000d5580000)
  object space 75264K, 58% used [0x0000000080000000,0x0000000082b5c320,0x0000000084980000)
 Metaspace       used 72454K, capacity 75888K, committed 76056K, reserved 1114112K
  class space    used 9783K, capacity 10469K, committed 10544K, reserved 1048576K
Event: 1171.496 GC heap after
Heap after GC invocations=18 (full 3):
 PSYoungGen      total 185856K, used 25568K [0x00000000d5580000, 0x00000000e6b00000, 0x0000000100000000)
  eden space 160256K, 0% used [0x00000000d5580000,0x00000000d5580000,0x00000000df200000)
  from space 25600K, 99% used [0x00000000df200000,0x00000000e0af8160,0x00000000e0b00000)
  to   space 41472K, 0% used [0x00000000e4280000,0x00000000e4280000,0x00000000e6b00000)
 ParOldGen       total 76800K, used 76304K [0x0000000080000000, 0x0000000084b00000, 0x00000000d5580000)
  object space 76800K, 99% used [0x0000000080000000,0x0000000084a842f0,0x0000000084b00000)
 Metaspace       used 72454K, capacity 75888K, committed 76056K, reserved 1114112K
  class space    used 9783K, capacity 10469K, committed 10544K, reserved 1048576K
}
Event: 1171.496 GC heap before
{Heap before GC invocations=19 (full 4):
 PSYoungGen      total 185856K, used 25568K [0x00000000d5580000, 0x00000000e6b00000, 0x0000000100000000)
  eden space 160256K, 0% used [0x00000000d5580000,0x00000000d5580000,0x00000000df200000)
  from space 25600K, 99% used [0x00000000df200000,0x00000000e0af8160,0x00000000e0b00000)
  to   space 41472K, 0% used [0x00000000e4280000,0x00000000e4280000,0x00000000e6b00000)
 ParOldGen       total 76800K, used 76304K [0x0000000080000000, 0x0000000084b00000, 0x00000000d5580000)
  object space 76800K, 99% used [0x0000000080000000,0x0000000084a842f0,0x0000000084b00000)
 Metaspace       used 72454K, capacity 75888K, committed 76056K, reserved 1114112K
  class space    used 9783K, capacity 10469K, committed 10544K, reserved 1048576K
Event: 1172.098 GC heap after
Heap after GC invocations=19 (full 4):
 PSYoungGen      total 185856K, used 16149K [0x00000000d5580000, 0x00000000e6b00000, 0x0000000100000000)
  eden space 160256K, 0% used [0x00000000d5580000,0x00000000d5580000,0x00000000df200000)
  from space 25600K, 63% used [0x00000000df200000,0x00000000e01c56f0,0x00000000e0b00000)
  to   space 41472K, 0% used [0x00000000e4280000,0x00000000e4280000,0x00000000e6b00000)
 ParOldGen       total 189440K, used 74909K [0x0000000080000000, 0x000000008b900000, 0x00000000d5580000)
  object space 189440K, 39% used [0x0000000080000000,0x00000000849277a8,0x000000008b900000)
 Metaspace       used 72415K, capacity 75772K, committed 76056K, reserved 1114112K
  class space    used 9771K, capacity 10447K, committed 10544K, reserved 1048576K
}

Deoptimization events (10 events):
Event: 1170.419 Thread 0x000000001e1c8000 Uncommon trap: reason=unstable_if action=reinterpret pc=0x0000000003b6c5f8 method=java.util.concurrent.ConcurrentHashMap.putVal(Ljava/lang/Object;Ljava/lang/Object;Z)Ljava/lang/Object; @ 195
Event: 1170.476 Thread 0x000000001e1c8000 Uncommon trap: reason=unstable_if action=reinterpret pc=0x00000000040245a4 method=com.android.tools.r8.dex.n.m()V @ 22
Event: 1170.710 Thread 0x000000001e1c8000 Uncommon trap: reason=unstable_if action=reinterpret pc=0x00000000039501dc method=java.nio.Bits.putInt(Ljava/nio/ByteBuffer;IIZ)V @ 1
Event: 1170.793 Thread 0x000000001e1c8800 Uncommon trap: reason=unstable_if action=reinterpret pc=0x0000000002f2b4b0 method=java.util.Arrays.hashCode([Ljava/lang/Object;)I @ 1
Event: 1170.793 Thread 0x000000001e1cb800 Uncommon trap: reason=unstable_if action=reinterpret pc=0x0000000002f2b4b0 method=java.util.Arrays.hashCode([Ljava/lang/Object;)I @ 1
Event: 1170.793 Thread 0x000000001e1c9800 Uncommon trap: reason=unstable_if action=reinterpret pc=0x0000000002f2b4b0 method=java.util.Arrays.hashCode([Ljava/lang/Object;)I @ 1
Event: 1170.793 Thread 0x000000001e1c2000 Uncommon trap: reason=unstable_if action=reinterpret pc=0x0000000002f2b4b0 method=java.util.Arrays.hashCode([Ljava/lang/Object;)I @ 1
Event: 1170.905 Thread 0x000000001e1c2000 Uncommon trap: reason=unstable_if action=reinterpret pc=0x000000000410b8f8 method=com.android.tools.r8.dex.n.i()Lcom/android/tools/r8/graph/l0; @ 54
Event: 1171.062 Thread 0x000000001e1c2000 Uncommon trap: reason=unstable_if action=reinterpret pc=0x0000000004085f80 method=com.android.tools.r8.utils.Y.d(I)Z @ 45
Event: 1171.321 Thread 0x000000001e1c2000 Uncommon trap: reason=unloaded action=reinterpret pc=0x00000000041a6bc0 method=com.android.tools.r8.code.v1.a(Ljava/nio/ShortBuffer;IILcom/android/tools/r8/graph/h1;)[Lcom/android/tools/r8/code/u1; @ 3562

Classes redefined (0 events):
No events

Internal exceptions (10 events):
Event: 1169.644 Thread 0x000000001e1c1000 Exception <a 'sun/nio/fs/WindowsException'> (0x00000000d6efd140) thrown at [C:\src\AOSP-openjdk-git\hotspot\src\share\vm\prims\jni.cpp, line 710]
Event: 1169.644 Thread 0x000000001e1c1000 Exception <a 'sun/nio/fs/WindowsException'> (0x00000000d6efde90) thrown at [C:\src\AOSP-openjdk-git\hotspot\src\share\vm\prims\jni.cpp, line 710]
Event: 1169.801 Thread 0x000000001b369800 Exception <a 'sun/nio/fs/WindowsException'> (0x00000000d76e48d0) thrown at [C:\src\AOSP-openjdk-git\hotspot\src\share\vm\prims\jni.cpp, line 710]
Event: 1169.802 Thread 0x000000001b369800 Exception <a 'sun/nio/fs/WindowsException'> (0x00000000d76e6168) thrown at [C:\src\AOSP-openjdk-git\hotspot\src\share\vm\prims\jni.cpp, line 710]
Event: 1170.257 Thread 0x000000001e1c8000 Exception <a 'sun/nio/fs/WindowsException'> (0x00000000d98eeb60) thrown at [C:\src\AOSP-openjdk-git\hotspot\src\share\vm\prims\jni.cpp, line 710]
Event: 1170.793 Thread 0x000000001e1c8800 Implicit null exception at 0x0000000002f2b3af to 0x0000000002f2b4a1
Event: 1170.793 Thread 0x000000001e1c2000 Implicit null exception at 0x0000000002f2b3af to 0x0000000002f2b4a1
Event: 1170.793 Thread 0x000000001e1cb800 Implicit null exception at 0x0000000002f2b3af to 0x0000000002f2b4a1
Event: 1170.793 Thread 0x000000001e1c9800 Implicit null exception at 0x0000000002f2b3af to 0x0000000002f2b4a1
Event: 1172.139 Thread 0x000000001e1c8000 Exception <a 'java/lang/IncompatibleClassChangeError': Found class java.lang.Object, but interface was expected> (0x00000000d5c123b0) thrown at [C:\src\AOSP-openjdk-git\hotspot\src\share\vm\interpreter\linkResolver.cpp, line 653]

Events (10 events):
Event: 1172.214 loading class com/android/tools/r8/t/a/a/a/h/v
Event: 1172.214 loading class com/android/tools/r8/t/a/a/a/h/v done
Event: 1172.215 loading class com/android/tools/r8/t/a/a/a/h/W0
Event: 1172.215 loading class com/android/tools/r8/t/a/a/a/h/W0 done
Event: 1172.215 loading class com/android/tools/r8/t/a/a/a/h/T0
Event: 1172.215 loading class com/android/tools/r8/t/a/a/a/h/T0 done
Event: 1172.215 loading class com/android/tools/r8/t/a/a/a/h/Z0
Event: 1172.215 loading class com/android/tools/r8/t/a/a/a/h/Z0 done
Event: 1172.216 loading class com/android/tools/r8/s/b/k1
Event: 1172.216 loading class com/android/tools/r8/s/b/k1 done


Dynamic libraries:
0x00007ff6df480000 - 0x00007ff6df4b1000 	C:\Program Files\Android\Android Studio\jre\bin\java.exe
0x00007ff94e500000 - 0x00007ff94e6f0000 	C:\WINDOWS\SYSTEM32\ntdll.dll
0x00007ff94d740000 - 0x00007ff94d7f2000 	C:\WINDOWS\System32\KERNEL32.DLL
0x00007ff94b8c0000 - 0x00007ff94bb65000 	C:\WINDOWS\System32\KERNELBASE.dll
0x00007ff94cd00000 - 0x00007ff94cda3000 	C:\WINDOWS\System32\ADVAPI32.dll
0x00007ff94c990000 - 0x00007ff94ca2e000 	C:\WINDOWS\System32\msvcrt.dll
0x00007ff94c5b0000 - 0x00007ff94c647000 	C:\WINDOWS\System32\sechost.dll
0x00007ff94cb70000 - 0x00007ff94cc90000 	C:\WINDOWS\System32\RPCRT4.dll
0x00007ff94d5a0000 - 0x00007ff94d734000 	C:\WINDOWS\System32\USER32.dll
0x00007ff94bc30000 - 0x00007ff94bc51000 	C:\WINDOWS\System32\win32u.dll
0x00007ff94e490000 - 0x00007ff94e4b6000 	C:\WINDOWS\System32\GDI32.dll
0x00007ff94b470000 - 0x00007ff94b606000 	C:\WINDOWS\System32\gdi32full.dll
0x00007ff94b610000 - 0x00007ff94b6ae000 	C:\WINDOWS\System32\msvcp_win.dll
0x00007ff94b760000 - 0x00007ff94b85a000 	C:\WINDOWS\System32\ucrtbase.dll
0x00007ff939820000 - 0x00007ff939aa4000 	C:\WINDOWS\WinSxS\amd64_microsoft.windows.common-controls_6595b64144ccf1df_6.0.18362.1256_none_9e7e379be45e40e2\COMCTL32.dll
0x00007ff94de50000 - 0x00007ff94e186000 	C:\WINDOWS\System32\combase.dll
0x00007ff94bba0000 - 0x00007ff94bc21000 	C:\WINDOWS\System32\bcryptPrimitives.dll
0x00007ff94d9b0000 - 0x00007ff94d9de000 	C:\WINDOWS\System32\IMM32.DLL
0x0000000071500000 - 0x00000000715d2000 	C:\Program Files\Android\Android Studio\jre\jre\bin\msvcr100.dll
0x00000000715e0000 - 0x0000000071e2b000 	C:\Program Files\Android\Android Studio\jre\jre\bin\server\jvm.dll
0x00007ff94cc90000 - 0x00007ff94cc98000 	C:\WINDOWS\System32\PSAPI.DLL
0x00007ff93f590000 - 0x00007ff93f599000 	C:\WINDOWS\SYSTEM32\WSOCK32.dll
0x00007ff94cb00000 - 0x00007ff94cb6f000 	C:\WINDOWS\System32\WS2_32.dll
0x00007ff943080000 - 0x00007ff9430a4000 	C:\WINDOWS\SYSTEM32\WINMM.dll
0x00007ff93bc50000 - 0x00007ff93bc5a000 	C:\WINDOWS\SYSTEM32\VERSION.dll
0x00007ff943050000 - 0x00007ff94307d000 	C:\WINDOWS\SYSTEM32\winmmbase.dll
0x00007ff94c540000 - 0x00007ff94c58a000 	C:\WINDOWS\System32\cfgmgr32.dll
0x00007ff93ca80000 - 0x00007ff93ca8f000 	C:\Program Files\Android\Android Studio\jre\jre\bin\verify.dll
0x00007ff9347f0000 - 0x00007ff934819000 	C:\Program Files\Android\Android Studio\jre\jre\bin\java.dll
0x00007ff9387c0000 - 0x00007ff9387d6000 	C:\Program Files\Android\Android Studio\jre\jre\bin\zip.dll
0x00007ff94ceb0000 - 0x00007ff94d597000 	C:\WINDOWS\System32\SHELL32.dll
0x00007ff94e230000 - 0x00007ff94e2d9000 	C:\WINDOWS\System32\shcore.dll
0x00007ff94bdb0000 - 0x00007ff94c531000 	C:\WINDOWS\System32\windows.storage.dll
0x00007ff94b3b0000 - 0x00007ff94b3d3000 	C:\WINDOWS\System32\profapi.dll
0x00007ff94b400000 - 0x00007ff94b44a000 	C:\WINDOWS\System32\powrprof.dll
0x00007ff94b3a0000 - 0x00007ff94b3b0000 	C:\WINDOWS\System32\UMPDC.dll
0x00007ff94e2e0000 - 0x00007ff94e332000 	C:\WINDOWS\System32\shlwapi.dll
0x00007ff94b450000 - 0x00007ff94b461000 	C:\WINDOWS\System32\kernel.appcore.dll
0x00007ff94c590000 - 0x00007ff94c5a7000 	C:\WINDOWS\System32\cryptsp.dll
0x00007ff933a80000 - 0x00007ff933a9a000 	C:\Program Files\Android\Android Studio\jre\jre\bin\net.dll
0x00007ff94abf0000 - 0x00007ff94ac57000 	C:\WINDOWS\system32\mswsock.dll
0x00007ff92dd60000 - 0x00007ff92dd73000 	C:\Program Files\Android\Android Studio\jre\jre\bin\nio.dll
0x00007ff933e10000 - 0x00007ff933e37000 	C:\Users\ASL-010\.gradle\native\f6784746aeab05261644944871eae4fe03e0ef1612fff0a4a95f87b438bc6780\windows-amd64\native-platform.dll
0x00007ff93c5f0000 - 0x00007ff93c5fd000 	C:\Program Files\Android\Android Studio\jre\jre\bin\management.dll
0x00007ff94a760000 - 0x00007ff94a793000 	C:\WINDOWS\system32\rsaenh.dll
0x00007ff94bb70000 - 0x00007ff94bb96000 	C:\WINDOWS\System32\bcrypt.dll
0x00007ff94b280000 - 0x00007ff94b2a5000 	C:\WINDOWS\SYSTEM32\USERENV.dll
0x00007ff94adc0000 - 0x00007ff94adcc000 	C:\WINDOWS\SYSTEM32\CRYPTBASE.dll
0x00007ff94a900000 - 0x00007ff94a93a000 	C:\WINDOWS\SYSTEM32\IPHLPAPI.DLL
0x00007ff94e340000 - 0x00007ff94e348000 	C:\WINDOWS\System32\NSI.dll
0x00007ff9451f0000 - 0x00007ff945206000 	C:\WINDOWS\SYSTEM32\dhcpcsvc6.DLL
0x00007ff9455b0000 - 0x00007ff9455cc000 	C:\WINDOWS\SYSTEM32\dhcpcsvc.DLL
0x00007ff94a940000 - 0x00007ff94aa0b000 	C:\WINDOWS\SYSTEM32\DNSAPI.dll
0x00007ff945650000 - 0x00007ff94565b000 	C:\WINDOWS\SYSTEM32\WINNSI.DLL

VM Arguments:
jvm_args: -Xmx2048m -Dfile.encoding=UTF-8 -Duser.country=US -Duser.language=en -Duser.variant 
java_command: org.gradle.launcher.daemon.bootstrap.GradleDaemon 6.5
java_class_path (initial): C:\Users\ASL-010\.gradle\wrapper\dists\gradle-6.5-bin\6nifqtx7604sqp1q6g8wikw7p\gradle-6.5\lib\gradle-launcher-6.5.jar
Launcher Type: SUN_STANDARD

Environment Variables:
PATH=C:\Program Files\Common Files\Oracle\Java\javapath;C:\WINDOWS\system32;C:\WINDOWS;C:\WINDOWS\System32\Wbem;C:\WINDOWS\System32\WindowsPowerShell\v1.0\;C:\WINDOWS\System32\OpenSSH\;C:\Program Files\Git\cmd;C:\Program Files\Git\mingw64\bin;C:\Program Files\Git\usr\bin;C:\Users\ASL-010\AppData\Local\Microsoft\WindowsApps;;C:\Users\ASL-010\AppData\Local\Programs\Microsoft VS Code\bin
USERNAME=ASL-010
OS=Windows_NT
PROCESSOR_IDENTIFIER=Intel64 Family 6 Model 58 Stepping 9, GenuineIntel



---------------  S Y S T E M  ---------------

OS: Windows 10.0 , 64 bit Build 18362 (10.0.18362.1110)

CPU:total 4 (initial active 4) (2 cores per cpu, 2 threads per core) family 6 model 58 stepping 9, cmov, cx8, fxsr, mmx, sse, sse2, sse3, ssse3, sse4.1, sse4.2, popcnt, avx, aes, clmul, erms, ht, tsc, tscinvbit, tscinv

Memory: 4k page, physical 8248880k(1722200k free), swap 22751008k(5952k free)

vm_info: OpenJDK 64-Bit Server VM (25.242-b01) for windows-amd64 JRE (1.8.0_242-release-1644-b01), built by "builder" with MS VC++ 10.0 (VS2010)

time: Mon Dec 21 17:37:53 2020
timezone: Bangladesh Standard Time
elapsed time: 1172 seconds (0d 0h 19m 32s)

